./TMbstep2d 0.0 0.11000000000000001 0.10275 tmp/0/ 
./TMbstep2d 0.0 0.11000000000000001 0.12558333333333332 tmp/1/ 
./TMbstep2d 0.0 0.11000000000000001 0.14841666666666664 tmp/2/ 
./TMbstep2d 0.0 0.11000000000000001 0.17124999999999999 tmp/3/ 
./TMbstep2d 0.0 0.11000000000000001 0.19408333333333333 tmp/4/ 
./TMbstep2d 0.0 0.11000000000000001 0.21691666666666665 tmp/5/ 
./TMbstep2d 0.0 0.11000000000000001 0.23974999999999996 tmp/6/ 
./TMbstep2d 0.0 0.11000000000000001 0.26258333333333334 tmp/7/ 
./TMbstep2d 0.0 0.11000000000000001 0.28541666666666665 tmp/8/ 
./TMbstep2d 0.0 0.11000000000000001 0.30824999999999997 tmp/9/ 
./TMbstep2d 0.0 0.1588888888888889 0.10275 tmp/10/ 
./TMbstep2d 0.0 0.1588888888888889 0.12558333333333332 tmp/11/ 
./TMbstep2d 0.0 0.1588888888888889 0.14841666666666664 tmp/12/ 
./TMbstep2d 0.0 0.1588888888888889 0.17124999999999999 tmp/13/ 
./TMbstep2d 0.0 0.1588888888888889 0.19408333333333333 tmp/14/ 
./TMbstep2d 0.0 0.1588888888888889 0.21691666666666665 tmp/15/ 
./TMbstep2d 0.0 0.1588888888888889 0.23974999999999996 tmp/16/ 
./TMbstep2d 0.0 0.1588888888888889 0.26258333333333334 tmp/17/ 
./TMbstep2d 0.0 0.1588888888888889 0.28541666666666665 tmp/18/ 
./TMbstep2d 0.0 0.1588888888888889 0.30824999999999997 tmp/19/ 
./TMbstep2d 0.0 0.2077777777777778 0.10275 tmp/20/ 
./TMbstep2d 0.0 0.2077777777777778 0.12558333333333332 tmp/21/ 
./TMbstep2d 0.0 0.2077777777777778 0.14841666666666664 tmp/22/ 
./TMbstep2d 0.0 0.2077777777777778 0.17124999999999999 tmp/23/ 
./TMbstep2d 0.0 0.2077777777777778 0.19408333333333333 tmp/24/ 
./TMbstep2d 0.0 0.2077777777777778 0.21691666666666665 tmp/25/ 
./TMbstep2d 0.0 0.2077777777777778 0.23974999999999996 tmp/26/ 
./TMbstep2d 0.0 0.2077777777777778 0.26258333333333334 tmp/27/ 
./TMbstep2d 0.0 0.2077777777777778 0.28541666666666665 tmp/28/ 
./TMbstep2d 0.0 0.2077777777777778 0.30824999999999997 tmp/29/ 
./TMbstep2d 0.0 0.2566666666666667 0.10275 tmp/30/ 
./TMbstep2d 0.0 0.2566666666666667 0.12558333333333332 tmp/31/ 
./TMbstep2d 0.0 0.2566666666666667 0.14841666666666664 tmp/32/ 
./TMbstep2d 0.0 0.2566666666666667 0.17124999999999999 tmp/33/ 
./TMbstep2d 0.0 0.2566666666666667 0.19408333333333333 tmp/34/ 
./TMbstep2d 0.0 0.2566666666666667 0.21691666666666665 tmp/35/ 
./TMbstep2d 0.0 0.2566666666666667 0.23974999999999996 tmp/36/ 
./TMbstep2d 0.0 0.2566666666666667 0.26258333333333334 tmp/37/ 
./TMbstep2d 0.0 0.2566666666666667 0.28541666666666665 tmp/38/ 
./TMbstep2d 0.0 0.2566666666666667 0.30824999999999997 tmp/39/ 
./TMbstep2d 0.0 0.3055555555555556 0.10275 tmp/40/ 
./TMbstep2d 0.0 0.3055555555555556 0.12558333333333332 tmp/41/ 
./TMbstep2d 0.0 0.3055555555555556 0.14841666666666664 tmp/42/ 
./TMbstep2d 0.0 0.3055555555555556 0.17124999999999999 tmp/43/ 
./TMbstep2d 0.0 0.3055555555555556 0.19408333333333333 tmp/44/ 
./TMbstep2d 0.0 0.3055555555555556 0.21691666666666665 tmp/45/ 
./TMbstep2d 0.0 0.3055555555555556 0.23974999999999996 tmp/46/ 
./TMbstep2d 0.0 0.3055555555555556 0.26258333333333334 tmp/47/ 
./TMbstep2d 0.0 0.3055555555555556 0.28541666666666665 tmp/48/ 
./TMbstep2d 0.0 0.3055555555555556 0.30824999999999997 tmp/49/ 
./TMbstep2d 0.0 0.3544444444444445 0.10275 tmp/50/ 
./TMbstep2d 0.0 0.3544444444444445 0.12558333333333332 tmp/51/ 
./TMbstep2d 0.0 0.3544444444444445 0.14841666666666664 tmp/52/ 
./TMbstep2d 0.0 0.3544444444444445 0.17124999999999999 tmp/53/ 
./TMbstep2d 0.0 0.3544444444444445 0.19408333333333333 tmp/54/ 
./TMbstep2d 0.0 0.3544444444444445 0.21691666666666665 tmp/55/ 
./TMbstep2d 0.0 0.3544444444444445 0.23974999999999996 tmp/56/ 
./TMbstep2d 0.0 0.3544444444444445 0.26258333333333334 tmp/57/ 
./TMbstep2d 0.0 0.3544444444444445 0.28541666666666665 tmp/58/ 
./TMbstep2d 0.0 0.3544444444444445 0.30824999999999997 tmp/59/ 
./TMbstep2d 0.0 0.40333333333333343 0.10275 tmp/60/ 
./TMbstep2d 0.0 0.40333333333333343 0.12558333333333332 tmp/61/ 
./TMbstep2d 0.0 0.40333333333333343 0.14841666666666664 tmp/62/ 
./TMbstep2d 0.0 0.40333333333333343 0.17124999999999999 tmp/63/ 
./TMbstep2d 0.0 0.40333333333333343 0.19408333333333333 tmp/64/ 
./TMbstep2d 0.0 0.40333333333333343 0.21691666666666665 tmp/65/ 
./TMbstep2d 0.0 0.40333333333333343 0.23974999999999996 tmp/66/ 
./TMbstep2d 0.0 0.40333333333333343 0.26258333333333334 tmp/67/ 
./TMbstep2d 0.0 0.40333333333333343 0.28541666666666665 tmp/68/ 
./TMbstep2d 0.0 0.40333333333333343 0.30824999999999997 tmp/69/ 
./TMbstep2d 0.0 0.4522222222222223 0.10275 tmp/70/ 
./TMbstep2d 0.0 0.4522222222222223 0.12558333333333332 tmp/71/ 
./TMbstep2d 0.0 0.4522222222222223 0.14841666666666664 tmp/72/ 
./TMbstep2d 0.0 0.4522222222222223 0.17124999999999999 tmp/73/ 
./TMbstep2d 0.0 0.4522222222222223 0.19408333333333333 tmp/74/ 
./TMbstep2d 0.0 0.4522222222222223 0.21691666666666665 tmp/75/ 
./TMbstep2d 0.0 0.4522222222222223 0.23974999999999996 tmp/76/ 
./TMbstep2d 0.0 0.4522222222222223 0.26258333333333334 tmp/77/ 
./TMbstep2d 0.0 0.4522222222222223 0.28541666666666665 tmp/78/ 
./TMbstep2d 0.0 0.4522222222222223 0.30824999999999997 tmp/79/ 
./TMbstep2d 0.0 0.5011111111111112 0.10275 tmp/80/ 
./TMbstep2d 0.0 0.5011111111111112 0.12558333333333332 tmp/81/ 
./TMbstep2d 0.0 0.5011111111111112 0.14841666666666664 tmp/82/ 
./TMbstep2d 0.0 0.5011111111111112 0.17124999999999999 tmp/83/ 
./TMbstep2d 0.0 0.5011111111111112 0.19408333333333333 tmp/84/ 
./TMbstep2d 0.0 0.5011111111111112 0.21691666666666665 tmp/85/ 
./TMbstep2d 0.0 0.5011111111111112 0.23974999999999996 tmp/86/ 
./TMbstep2d 0.0 0.5011111111111112 0.26258333333333334 tmp/87/ 
./TMbstep2d 0.0 0.5011111111111112 0.28541666666666665 tmp/88/ 
./TMbstep2d 0.0 0.5011111111111112 0.30824999999999997 tmp/89/ 
./TMbstep2d 0.0 0.55 0.10275 tmp/90/ 
./TMbstep2d 0.0 0.55 0.12558333333333332 tmp/91/ 
./TMbstep2d 0.0 0.55 0.14841666666666664 tmp/92/ 
./TMbstep2d 0.0 0.55 0.17124999999999999 tmp/93/ 
./TMbstep2d 0.0 0.55 0.19408333333333333 tmp/94/ 
./TMbstep2d 0.0 0.55 0.21691666666666665 tmp/95/ 
./TMbstep2d 0.0 0.55 0.23974999999999996 tmp/96/ 
./TMbstep2d 0.0 0.55 0.26258333333333334 tmp/97/ 
./TMbstep2d 0.0 0.55 0.28541666666666665 tmp/98/ 
./TMbstep2d 0.0 0.55 0.30824999999999997 tmp/99/ 
./TMbstep2d 0.12222222222222223 0.11000000000000001 0.10275 tmp/100/ 
./TMbstep2d 0.12222222222222223 0.11000000000000001 0.12558333333333332 tmp/101/ 
./TMbstep2d 0.12222222222222223 0.11000000000000001 0.14841666666666664 tmp/102/ 
./TMbstep2d 0.12222222222222223 0.11000000000000001 0.17124999999999999 tmp/103/ 
./TMbstep2d 0.12222222222222223 0.11000000000000001 0.19408333333333333 tmp/104/ 
./TMbstep2d 0.12222222222222223 0.11000000000000001 0.21691666666666665 tmp/105/ 
./TMbstep2d 0.12222222222222223 0.11000000000000001 0.23974999999999996 tmp/106/ 
./TMbstep2d 0.12222222222222223 0.11000000000000001 0.26258333333333334 tmp/107/ 
./TMbstep2d 0.12222222222222223 0.11000000000000001 0.28541666666666665 tmp/108/ 
./TMbstep2d 0.12222222222222223 0.11000000000000001 0.30824999999999997 tmp/109/ 
./TMbstep2d 0.12222222222222223 0.1588888888888889 0.10275 tmp/110/ 
./TMbstep2d 0.12222222222222223 0.1588888888888889 0.12558333333333332 tmp/111/ 
./TMbstep2d 0.12222222222222223 0.1588888888888889 0.14841666666666664 tmp/112/ 
./TMbstep2d 0.12222222222222223 0.1588888888888889 0.17124999999999999 tmp/113/ 
./TMbstep2d 0.12222222222222223 0.1588888888888889 0.19408333333333333 tmp/114/ 
./TMbstep2d 0.12222222222222223 0.1588888888888889 0.21691666666666665 tmp/115/ 
./TMbstep2d 0.12222222222222223 0.1588888888888889 0.23974999999999996 tmp/116/ 
./TMbstep2d 0.12222222222222223 0.1588888888888889 0.26258333333333334 tmp/117/ 
./TMbstep2d 0.12222222222222223 0.1588888888888889 0.28541666666666665 tmp/118/ 
./TMbstep2d 0.12222222222222223 0.1588888888888889 0.30824999999999997 tmp/119/ 
./TMbstep2d 0.12222222222222223 0.2077777777777778 0.10275 tmp/120/ 
./TMbstep2d 0.12222222222222223 0.2077777777777778 0.12558333333333332 tmp/121/ 
./TMbstep2d 0.12222222222222223 0.2077777777777778 0.14841666666666664 tmp/122/ 
./TMbstep2d 0.12222222222222223 0.2077777777777778 0.17124999999999999 tmp/123/ 
./TMbstep2d 0.12222222222222223 0.2077777777777778 0.19408333333333333 tmp/124/ 
./TMbstep2d 0.12222222222222223 0.2077777777777778 0.21691666666666665 tmp/125/ 
./TMbstep2d 0.12222222222222223 0.2077777777777778 0.23974999999999996 tmp/126/ 
./TMbstep2d 0.12222222222222223 0.2077777777777778 0.26258333333333334 tmp/127/ 
./TMbstep2d 0.12222222222222223 0.2077777777777778 0.28541666666666665 tmp/128/ 
./TMbstep2d 0.12222222222222223 0.2077777777777778 0.30824999999999997 tmp/129/ 
./TMbstep2d 0.12222222222222223 0.2566666666666667 0.10275 tmp/130/ 
./TMbstep2d 0.12222222222222223 0.2566666666666667 0.12558333333333332 tmp/131/ 
./TMbstep2d 0.12222222222222223 0.2566666666666667 0.14841666666666664 tmp/132/ 
./TMbstep2d 0.12222222222222223 0.2566666666666667 0.17124999999999999 tmp/133/ 
./TMbstep2d 0.12222222222222223 0.2566666666666667 0.19408333333333333 tmp/134/ 
./TMbstep2d 0.12222222222222223 0.2566666666666667 0.21691666666666665 tmp/135/ 
./TMbstep2d 0.12222222222222223 0.2566666666666667 0.23974999999999996 tmp/136/ 
./TMbstep2d 0.12222222222222223 0.2566666666666667 0.26258333333333334 tmp/137/ 
./TMbstep2d 0.12222222222222223 0.2566666666666667 0.28541666666666665 tmp/138/ 
./TMbstep2d 0.12222222222222223 0.2566666666666667 0.30824999999999997 tmp/139/ 
./TMbstep2d 0.12222222222222223 0.3055555555555556 0.10275 tmp/140/ 
./TMbstep2d 0.12222222222222223 0.3055555555555556 0.12558333333333332 tmp/141/ 
./TMbstep2d 0.12222222222222223 0.3055555555555556 0.14841666666666664 tmp/142/ 
./TMbstep2d 0.12222222222222223 0.3055555555555556 0.17124999999999999 tmp/143/ 
./TMbstep2d 0.12222222222222223 0.3055555555555556 0.19408333333333333 tmp/144/ 
./TMbstep2d 0.12222222222222223 0.3055555555555556 0.21691666666666665 tmp/145/ 
./TMbstep2d 0.12222222222222223 0.3055555555555556 0.23974999999999996 tmp/146/ 
./TMbstep2d 0.12222222222222223 0.3055555555555556 0.26258333333333334 tmp/147/ 
./TMbstep2d 0.12222222222222223 0.3055555555555556 0.28541666666666665 tmp/148/ 
./TMbstep2d 0.12222222222222223 0.3055555555555556 0.30824999999999997 tmp/149/ 
./TMbstep2d 0.12222222222222223 0.3544444444444445 0.10275 tmp/150/ 
./TMbstep2d 0.12222222222222223 0.3544444444444445 0.12558333333333332 tmp/151/ 
./TMbstep2d 0.12222222222222223 0.3544444444444445 0.14841666666666664 tmp/152/ 
./TMbstep2d 0.12222222222222223 0.3544444444444445 0.17124999999999999 tmp/153/ 
./TMbstep2d 0.12222222222222223 0.3544444444444445 0.19408333333333333 tmp/154/ 
./TMbstep2d 0.12222222222222223 0.3544444444444445 0.21691666666666665 tmp/155/ 
./TMbstep2d 0.12222222222222223 0.3544444444444445 0.23974999999999996 tmp/156/ 
./TMbstep2d 0.12222222222222223 0.3544444444444445 0.26258333333333334 tmp/157/ 
./TMbstep2d 0.12222222222222223 0.3544444444444445 0.28541666666666665 tmp/158/ 
./TMbstep2d 0.12222222222222223 0.3544444444444445 0.30824999999999997 tmp/159/ 
./TMbstep2d 0.12222222222222223 0.40333333333333343 0.10275 tmp/160/ 
./TMbstep2d 0.12222222222222223 0.40333333333333343 0.12558333333333332 tmp/161/ 
./TMbstep2d 0.12222222222222223 0.40333333333333343 0.14841666666666664 tmp/162/ 
./TMbstep2d 0.12222222222222223 0.40333333333333343 0.17124999999999999 tmp/163/ 
./TMbstep2d 0.12222222222222223 0.40333333333333343 0.19408333333333333 tmp/164/ 
./TMbstep2d 0.12222222222222223 0.40333333333333343 0.21691666666666665 tmp/165/ 
./TMbstep2d 0.12222222222222223 0.40333333333333343 0.23974999999999996 tmp/166/ 
./TMbstep2d 0.12222222222222223 0.40333333333333343 0.26258333333333334 tmp/167/ 
./TMbstep2d 0.12222222222222223 0.40333333333333343 0.28541666666666665 tmp/168/ 
./TMbstep2d 0.12222222222222223 0.40333333333333343 0.30824999999999997 tmp/169/ 
./TMbstep2d 0.12222222222222223 0.4522222222222223 0.10275 tmp/170/ 
./TMbstep2d 0.12222222222222223 0.4522222222222223 0.12558333333333332 tmp/171/ 
./TMbstep2d 0.12222222222222223 0.4522222222222223 0.14841666666666664 tmp/172/ 
./TMbstep2d 0.12222222222222223 0.4522222222222223 0.17124999999999999 tmp/173/ 
./TMbstep2d 0.12222222222222223 0.4522222222222223 0.19408333333333333 tmp/174/ 
./TMbstep2d 0.12222222222222223 0.4522222222222223 0.21691666666666665 tmp/175/ 
./TMbstep2d 0.12222222222222223 0.4522222222222223 0.23974999999999996 tmp/176/ 
./TMbstep2d 0.12222222222222223 0.4522222222222223 0.26258333333333334 tmp/177/ 
./TMbstep2d 0.12222222222222223 0.4522222222222223 0.28541666666666665 tmp/178/ 
./TMbstep2d 0.12222222222222223 0.4522222222222223 0.30824999999999997 tmp/179/ 
./TMbstep2d 0.12222222222222223 0.5011111111111112 0.10275 tmp/180/ 
./TMbstep2d 0.12222222222222223 0.5011111111111112 0.12558333333333332 tmp/181/ 
./TMbstep2d 0.12222222222222223 0.5011111111111112 0.14841666666666664 tmp/182/ 
./TMbstep2d 0.12222222222222223 0.5011111111111112 0.17124999999999999 tmp/183/ 
./TMbstep2d 0.12222222222222223 0.5011111111111112 0.19408333333333333 tmp/184/ 
./TMbstep2d 0.12222222222222223 0.5011111111111112 0.21691666666666665 tmp/185/ 
./TMbstep2d 0.12222222222222223 0.5011111111111112 0.23974999999999996 tmp/186/ 
./TMbstep2d 0.12222222222222223 0.5011111111111112 0.26258333333333334 tmp/187/ 
./TMbstep2d 0.12222222222222223 0.5011111111111112 0.28541666666666665 tmp/188/ 
./TMbstep2d 0.12222222222222223 0.5011111111111112 0.30824999999999997 tmp/189/ 
./TMbstep2d 0.12222222222222223 0.55 0.10275 tmp/190/ 
./TMbstep2d 0.12222222222222223 0.55 0.12558333333333332 tmp/191/ 
./TMbstep2d 0.12222222222222223 0.55 0.14841666666666664 tmp/192/ 
./TMbstep2d 0.12222222222222223 0.55 0.17124999999999999 tmp/193/ 
./TMbstep2d 0.12222222222222223 0.55 0.19408333333333333 tmp/194/ 
./TMbstep2d 0.12222222222222223 0.55 0.21691666666666665 tmp/195/ 
./TMbstep2d 0.12222222222222223 0.55 0.23974999999999996 tmp/196/ 
./TMbstep2d 0.12222222222222223 0.55 0.26258333333333334 tmp/197/ 
./TMbstep2d 0.12222222222222223 0.55 0.28541666666666665 tmp/198/ 
./TMbstep2d 0.12222222222222223 0.55 0.30824999999999997 tmp/199/ 
./TMbstep2d 0.24444444444444446 0.11000000000000001 0.10275 tmp/200/ 
./TMbstep2d 0.24444444444444446 0.11000000000000001 0.12558333333333332 tmp/201/ 
./TMbstep2d 0.24444444444444446 0.11000000000000001 0.14841666666666664 tmp/202/ 
./TMbstep2d 0.24444444444444446 0.11000000000000001 0.17124999999999999 tmp/203/ 
./TMbstep2d 0.24444444444444446 0.11000000000000001 0.19408333333333333 tmp/204/ 
./TMbstep2d 0.24444444444444446 0.11000000000000001 0.21691666666666665 tmp/205/ 
./TMbstep2d 0.24444444444444446 0.11000000000000001 0.23974999999999996 tmp/206/ 
./TMbstep2d 0.24444444444444446 0.11000000000000001 0.26258333333333334 tmp/207/ 
./TMbstep2d 0.24444444444444446 0.11000000000000001 0.28541666666666665 tmp/208/ 
./TMbstep2d 0.24444444444444446 0.11000000000000001 0.30824999999999997 tmp/209/ 
./TMbstep2d 0.24444444444444446 0.1588888888888889 0.10275 tmp/210/ 
./TMbstep2d 0.24444444444444446 0.1588888888888889 0.12558333333333332 tmp/211/ 
./TMbstep2d 0.24444444444444446 0.1588888888888889 0.14841666666666664 tmp/212/ 
./TMbstep2d 0.24444444444444446 0.1588888888888889 0.17124999999999999 tmp/213/ 
./TMbstep2d 0.24444444444444446 0.1588888888888889 0.19408333333333333 tmp/214/ 
./TMbstep2d 0.24444444444444446 0.1588888888888889 0.21691666666666665 tmp/215/ 
./TMbstep2d 0.24444444444444446 0.1588888888888889 0.23974999999999996 tmp/216/ 
./TMbstep2d 0.24444444444444446 0.1588888888888889 0.26258333333333334 tmp/217/ 
./TMbstep2d 0.24444444444444446 0.1588888888888889 0.28541666666666665 tmp/218/ 
./TMbstep2d 0.24444444444444446 0.1588888888888889 0.30824999999999997 tmp/219/ 
./TMbstep2d 0.24444444444444446 0.2077777777777778 0.10275 tmp/220/ 
./TMbstep2d 0.24444444444444446 0.2077777777777778 0.12558333333333332 tmp/221/ 
./TMbstep2d 0.24444444444444446 0.2077777777777778 0.14841666666666664 tmp/222/ 
./TMbstep2d 0.24444444444444446 0.2077777777777778 0.17124999999999999 tmp/223/ 
./TMbstep2d 0.24444444444444446 0.2077777777777778 0.19408333333333333 tmp/224/ 
./TMbstep2d 0.24444444444444446 0.2077777777777778 0.21691666666666665 tmp/225/ 
./TMbstep2d 0.24444444444444446 0.2077777777777778 0.23974999999999996 tmp/226/ 
./TMbstep2d 0.24444444444444446 0.2077777777777778 0.26258333333333334 tmp/227/ 
./TMbstep2d 0.24444444444444446 0.2077777777777778 0.28541666666666665 tmp/228/ 
./TMbstep2d 0.24444444444444446 0.2077777777777778 0.30824999999999997 tmp/229/ 
./TMbstep2d 0.24444444444444446 0.2566666666666667 0.10275 tmp/230/ 
./TMbstep2d 0.24444444444444446 0.2566666666666667 0.12558333333333332 tmp/231/ 
./TMbstep2d 0.24444444444444446 0.2566666666666667 0.14841666666666664 tmp/232/ 
./TMbstep2d 0.24444444444444446 0.2566666666666667 0.17124999999999999 tmp/233/ 
./TMbstep2d 0.24444444444444446 0.2566666666666667 0.19408333333333333 tmp/234/ 
./TMbstep2d 0.24444444444444446 0.2566666666666667 0.21691666666666665 tmp/235/ 
./TMbstep2d 0.24444444444444446 0.2566666666666667 0.23974999999999996 tmp/236/ 
./TMbstep2d 0.24444444444444446 0.2566666666666667 0.26258333333333334 tmp/237/ 
./TMbstep2d 0.24444444444444446 0.2566666666666667 0.28541666666666665 tmp/238/ 
./TMbstep2d 0.24444444444444446 0.2566666666666667 0.30824999999999997 tmp/239/ 
./TMbstep2d 0.24444444444444446 0.3055555555555556 0.10275 tmp/240/ 
./TMbstep2d 0.24444444444444446 0.3055555555555556 0.12558333333333332 tmp/241/ 
./TMbstep2d 0.24444444444444446 0.3055555555555556 0.14841666666666664 tmp/242/ 
./TMbstep2d 0.24444444444444446 0.3055555555555556 0.17124999999999999 tmp/243/ 
./TMbstep2d 0.24444444444444446 0.3055555555555556 0.19408333333333333 tmp/244/ 
./TMbstep2d 0.24444444444444446 0.3055555555555556 0.21691666666666665 tmp/245/ 
./TMbstep2d 0.24444444444444446 0.3055555555555556 0.23974999999999996 tmp/246/ 
./TMbstep2d 0.24444444444444446 0.3055555555555556 0.26258333333333334 tmp/247/ 
./TMbstep2d 0.24444444444444446 0.3055555555555556 0.28541666666666665 tmp/248/ 
./TMbstep2d 0.24444444444444446 0.3055555555555556 0.30824999999999997 tmp/249/ 
./TMbstep2d 0.24444444444444446 0.3544444444444445 0.10275 tmp/250/ 
./TMbstep2d 0.24444444444444446 0.3544444444444445 0.12558333333333332 tmp/251/ 
./TMbstep2d 0.24444444444444446 0.3544444444444445 0.14841666666666664 tmp/252/ 
./TMbstep2d 0.24444444444444446 0.3544444444444445 0.17124999999999999 tmp/253/ 
./TMbstep2d 0.24444444444444446 0.3544444444444445 0.19408333333333333 tmp/254/ 
./TMbstep2d 0.24444444444444446 0.3544444444444445 0.21691666666666665 tmp/255/ 
./TMbstep2d 0.24444444444444446 0.3544444444444445 0.23974999999999996 tmp/256/ 
./TMbstep2d 0.24444444444444446 0.3544444444444445 0.26258333333333334 tmp/257/ 
./TMbstep2d 0.24444444444444446 0.3544444444444445 0.28541666666666665 tmp/258/ 
./TMbstep2d 0.24444444444444446 0.3544444444444445 0.30824999999999997 tmp/259/ 
./TMbstep2d 0.24444444444444446 0.40333333333333343 0.10275 tmp/260/ 
./TMbstep2d 0.24444444444444446 0.40333333333333343 0.12558333333333332 tmp/261/ 
./TMbstep2d 0.24444444444444446 0.40333333333333343 0.14841666666666664 tmp/262/ 
./TMbstep2d 0.24444444444444446 0.40333333333333343 0.17124999999999999 tmp/263/ 
./TMbstep2d 0.24444444444444446 0.40333333333333343 0.19408333333333333 tmp/264/ 
./TMbstep2d 0.24444444444444446 0.40333333333333343 0.21691666666666665 tmp/265/ 
./TMbstep2d 0.24444444444444446 0.40333333333333343 0.23974999999999996 tmp/266/ 
./TMbstep2d 0.24444444444444446 0.40333333333333343 0.26258333333333334 tmp/267/ 
./TMbstep2d 0.24444444444444446 0.40333333333333343 0.28541666666666665 tmp/268/ 
./TMbstep2d 0.24444444444444446 0.40333333333333343 0.30824999999999997 tmp/269/ 
./TMbstep2d 0.24444444444444446 0.4522222222222223 0.10275 tmp/270/ 
./TMbstep2d 0.24444444444444446 0.4522222222222223 0.12558333333333332 tmp/271/ 
./TMbstep2d 0.24444444444444446 0.4522222222222223 0.14841666666666664 tmp/272/ 
./TMbstep2d 0.24444444444444446 0.4522222222222223 0.17124999999999999 tmp/273/ 
./TMbstep2d 0.24444444444444446 0.4522222222222223 0.19408333333333333 tmp/274/ 
./TMbstep2d 0.24444444444444446 0.4522222222222223 0.21691666666666665 tmp/275/ 
./TMbstep2d 0.24444444444444446 0.4522222222222223 0.23974999999999996 tmp/276/ 
./TMbstep2d 0.24444444444444446 0.4522222222222223 0.26258333333333334 tmp/277/ 
./TMbstep2d 0.24444444444444446 0.4522222222222223 0.28541666666666665 tmp/278/ 
./TMbstep2d 0.24444444444444446 0.4522222222222223 0.30824999999999997 tmp/279/ 
./TMbstep2d 0.24444444444444446 0.5011111111111112 0.10275 tmp/280/ 
./TMbstep2d 0.24444444444444446 0.5011111111111112 0.12558333333333332 tmp/281/ 
./TMbstep2d 0.24444444444444446 0.5011111111111112 0.14841666666666664 tmp/282/ 
./TMbstep2d 0.24444444444444446 0.5011111111111112 0.17124999999999999 tmp/283/ 
./TMbstep2d 0.24444444444444446 0.5011111111111112 0.19408333333333333 tmp/284/ 
./TMbstep2d 0.24444444444444446 0.5011111111111112 0.21691666666666665 tmp/285/ 
./TMbstep2d 0.24444444444444446 0.5011111111111112 0.23974999999999996 tmp/286/ 
./TMbstep2d 0.24444444444444446 0.5011111111111112 0.26258333333333334 tmp/287/ 
./TMbstep2d 0.24444444444444446 0.5011111111111112 0.28541666666666665 tmp/288/ 
./TMbstep2d 0.24444444444444446 0.5011111111111112 0.30824999999999997 tmp/289/ 
./TMbstep2d 0.24444444444444446 0.55 0.10275 tmp/290/ 
./TMbstep2d 0.24444444444444446 0.55 0.12558333333333332 tmp/291/ 
./TMbstep2d 0.24444444444444446 0.55 0.14841666666666664 tmp/292/ 
./TMbstep2d 0.24444444444444446 0.55 0.17124999999999999 tmp/293/ 
./TMbstep2d 0.24444444444444446 0.55 0.19408333333333333 tmp/294/ 
./TMbstep2d 0.24444444444444446 0.55 0.21691666666666665 tmp/295/ 
./TMbstep2d 0.24444444444444446 0.55 0.23974999999999996 tmp/296/ 
./TMbstep2d 0.24444444444444446 0.55 0.26258333333333334 tmp/297/ 
./TMbstep2d 0.24444444444444446 0.55 0.28541666666666665 tmp/298/ 
./TMbstep2d 0.24444444444444446 0.55 0.30824999999999997 tmp/299/ 
./TMbstep2d 0.3666666666666667 0.11000000000000001 0.10275 tmp/300/ 
./TMbstep2d 0.3666666666666667 0.11000000000000001 0.12558333333333332 tmp/301/ 
./TMbstep2d 0.3666666666666667 0.11000000000000001 0.14841666666666664 tmp/302/ 
./TMbstep2d 0.3666666666666667 0.11000000000000001 0.17124999999999999 tmp/303/ 
./TMbstep2d 0.3666666666666667 0.11000000000000001 0.19408333333333333 tmp/304/ 
./TMbstep2d 0.3666666666666667 0.11000000000000001 0.21691666666666665 tmp/305/ 
./TMbstep2d 0.3666666666666667 0.11000000000000001 0.23974999999999996 tmp/306/ 
./TMbstep2d 0.3666666666666667 0.11000000000000001 0.26258333333333334 tmp/307/ 
./TMbstep2d 0.3666666666666667 0.11000000000000001 0.28541666666666665 tmp/308/ 
./TMbstep2d 0.3666666666666667 0.11000000000000001 0.30824999999999997 tmp/309/ 
./TMbstep2d 0.3666666666666667 0.1588888888888889 0.10275 tmp/310/ 
./TMbstep2d 0.3666666666666667 0.1588888888888889 0.12558333333333332 tmp/311/ 
./TMbstep2d 0.3666666666666667 0.1588888888888889 0.14841666666666664 tmp/312/ 
./TMbstep2d 0.3666666666666667 0.1588888888888889 0.17124999999999999 tmp/313/ 
./TMbstep2d 0.3666666666666667 0.1588888888888889 0.19408333333333333 tmp/314/ 
./TMbstep2d 0.3666666666666667 0.1588888888888889 0.21691666666666665 tmp/315/ 
./TMbstep2d 0.3666666666666667 0.1588888888888889 0.23974999999999996 tmp/316/ 
./TMbstep2d 0.3666666666666667 0.1588888888888889 0.26258333333333334 tmp/317/ 
./TMbstep2d 0.3666666666666667 0.1588888888888889 0.28541666666666665 tmp/318/ 
./TMbstep2d 0.3666666666666667 0.1588888888888889 0.30824999999999997 tmp/319/ 
./TMbstep2d 0.3666666666666667 0.2077777777777778 0.10275 tmp/320/ 
./TMbstep2d 0.3666666666666667 0.2077777777777778 0.12558333333333332 tmp/321/ 
./TMbstep2d 0.3666666666666667 0.2077777777777778 0.14841666666666664 tmp/322/ 
./TMbstep2d 0.3666666666666667 0.2077777777777778 0.17124999999999999 tmp/323/ 
./TMbstep2d 0.3666666666666667 0.2077777777777778 0.19408333333333333 tmp/324/ 
./TMbstep2d 0.3666666666666667 0.2077777777777778 0.21691666666666665 tmp/325/ 
./TMbstep2d 0.3666666666666667 0.2077777777777778 0.23974999999999996 tmp/326/ 
./TMbstep2d 0.3666666666666667 0.2077777777777778 0.26258333333333334 tmp/327/ 
./TMbstep2d 0.3666666666666667 0.2077777777777778 0.28541666666666665 tmp/328/ 
./TMbstep2d 0.3666666666666667 0.2077777777777778 0.30824999999999997 tmp/329/ 
./TMbstep2d 0.3666666666666667 0.2566666666666667 0.10275 tmp/330/ 
./TMbstep2d 0.3666666666666667 0.2566666666666667 0.12558333333333332 tmp/331/ 
./TMbstep2d 0.3666666666666667 0.2566666666666667 0.14841666666666664 tmp/332/ 
./TMbstep2d 0.3666666666666667 0.2566666666666667 0.17124999999999999 tmp/333/ 
./TMbstep2d 0.3666666666666667 0.2566666666666667 0.19408333333333333 tmp/334/ 
./TMbstep2d 0.3666666666666667 0.2566666666666667 0.21691666666666665 tmp/335/ 
./TMbstep2d 0.3666666666666667 0.2566666666666667 0.23974999999999996 tmp/336/ 
./TMbstep2d 0.3666666666666667 0.2566666666666667 0.26258333333333334 tmp/337/ 
./TMbstep2d 0.3666666666666667 0.2566666666666667 0.28541666666666665 tmp/338/ 
./TMbstep2d 0.3666666666666667 0.2566666666666667 0.30824999999999997 tmp/339/ 
./TMbstep2d 0.3666666666666667 0.3055555555555556 0.10275 tmp/340/ 
./TMbstep2d 0.3666666666666667 0.3055555555555556 0.12558333333333332 tmp/341/ 
./TMbstep2d 0.3666666666666667 0.3055555555555556 0.14841666666666664 tmp/342/ 
./TMbstep2d 0.3666666666666667 0.3055555555555556 0.17124999999999999 tmp/343/ 
./TMbstep2d 0.3666666666666667 0.3055555555555556 0.19408333333333333 tmp/344/ 
./TMbstep2d 0.3666666666666667 0.3055555555555556 0.21691666666666665 tmp/345/ 
./TMbstep2d 0.3666666666666667 0.3055555555555556 0.23974999999999996 tmp/346/ 
./TMbstep2d 0.3666666666666667 0.3055555555555556 0.26258333333333334 tmp/347/ 
./TMbstep2d 0.3666666666666667 0.3055555555555556 0.28541666666666665 tmp/348/ 
./TMbstep2d 0.3666666666666667 0.3055555555555556 0.30824999999999997 tmp/349/ 
./TMbstep2d 0.3666666666666667 0.3544444444444445 0.10275 tmp/350/ 
./TMbstep2d 0.3666666666666667 0.3544444444444445 0.12558333333333332 tmp/351/ 
./TMbstep2d 0.3666666666666667 0.3544444444444445 0.14841666666666664 tmp/352/ 
./TMbstep2d 0.3666666666666667 0.3544444444444445 0.17124999999999999 tmp/353/ 
./TMbstep2d 0.3666666666666667 0.3544444444444445 0.19408333333333333 tmp/354/ 
./TMbstep2d 0.3666666666666667 0.3544444444444445 0.21691666666666665 tmp/355/ 
./TMbstep2d 0.3666666666666667 0.3544444444444445 0.23974999999999996 tmp/356/ 
./TMbstep2d 0.3666666666666667 0.3544444444444445 0.26258333333333334 tmp/357/ 
./TMbstep2d 0.3666666666666667 0.3544444444444445 0.28541666666666665 tmp/358/ 
./TMbstep2d 0.3666666666666667 0.3544444444444445 0.30824999999999997 tmp/359/ 
./TMbstep2d 0.3666666666666667 0.40333333333333343 0.10275 tmp/360/ 
./TMbstep2d 0.3666666666666667 0.40333333333333343 0.12558333333333332 tmp/361/ 
./TMbstep2d 0.3666666666666667 0.40333333333333343 0.14841666666666664 tmp/362/ 
./TMbstep2d 0.3666666666666667 0.40333333333333343 0.17124999999999999 tmp/363/ 
./TMbstep2d 0.3666666666666667 0.40333333333333343 0.19408333333333333 tmp/364/ 
./TMbstep2d 0.3666666666666667 0.40333333333333343 0.21691666666666665 tmp/365/ 
./TMbstep2d 0.3666666666666667 0.40333333333333343 0.23974999999999996 tmp/366/ 
./TMbstep2d 0.3666666666666667 0.40333333333333343 0.26258333333333334 tmp/367/ 
./TMbstep2d 0.3666666666666667 0.40333333333333343 0.28541666666666665 tmp/368/ 
./TMbstep2d 0.3666666666666667 0.40333333333333343 0.30824999999999997 tmp/369/ 
./TMbstep2d 0.3666666666666667 0.4522222222222223 0.10275 tmp/370/ 
./TMbstep2d 0.3666666666666667 0.4522222222222223 0.12558333333333332 tmp/371/ 
./TMbstep2d 0.3666666666666667 0.4522222222222223 0.14841666666666664 tmp/372/ 
./TMbstep2d 0.3666666666666667 0.4522222222222223 0.17124999999999999 tmp/373/ 
./TMbstep2d 0.3666666666666667 0.4522222222222223 0.19408333333333333 tmp/374/ 
./TMbstep2d 0.3666666666666667 0.4522222222222223 0.21691666666666665 tmp/375/ 
./TMbstep2d 0.3666666666666667 0.4522222222222223 0.23974999999999996 tmp/376/ 
./TMbstep2d 0.3666666666666667 0.4522222222222223 0.26258333333333334 tmp/377/ 
./TMbstep2d 0.3666666666666667 0.4522222222222223 0.28541666666666665 tmp/378/ 
./TMbstep2d 0.3666666666666667 0.4522222222222223 0.30824999999999997 tmp/379/ 
./TMbstep2d 0.3666666666666667 0.5011111111111112 0.10275 tmp/380/ 
./TMbstep2d 0.3666666666666667 0.5011111111111112 0.12558333333333332 tmp/381/ 
./TMbstep2d 0.3666666666666667 0.5011111111111112 0.14841666666666664 tmp/382/ 
./TMbstep2d 0.3666666666666667 0.5011111111111112 0.17124999999999999 tmp/383/ 
./TMbstep2d 0.3666666666666667 0.5011111111111112 0.19408333333333333 tmp/384/ 
./TMbstep2d 0.3666666666666667 0.5011111111111112 0.21691666666666665 tmp/385/ 
./TMbstep2d 0.3666666666666667 0.5011111111111112 0.23974999999999996 tmp/386/ 
./TMbstep2d 0.3666666666666667 0.5011111111111112 0.26258333333333334 tmp/387/ 
./TMbstep2d 0.3666666666666667 0.5011111111111112 0.28541666666666665 tmp/388/ 
./TMbstep2d 0.3666666666666667 0.5011111111111112 0.30824999999999997 tmp/389/ 
./TMbstep2d 0.3666666666666667 0.55 0.10275 tmp/390/ 
./TMbstep2d 0.3666666666666667 0.55 0.12558333333333332 tmp/391/ 
./TMbstep2d 0.3666666666666667 0.55 0.14841666666666664 tmp/392/ 
./TMbstep2d 0.3666666666666667 0.55 0.17124999999999999 tmp/393/ 
./TMbstep2d 0.3666666666666667 0.55 0.19408333333333333 tmp/394/ 
./TMbstep2d 0.3666666666666667 0.55 0.21691666666666665 tmp/395/ 
./TMbstep2d 0.3666666666666667 0.55 0.23974999999999996 tmp/396/ 
./TMbstep2d 0.3666666666666667 0.55 0.26258333333333334 tmp/397/ 
./TMbstep2d 0.3666666666666667 0.55 0.28541666666666665 tmp/398/ 
./TMbstep2d 0.3666666666666667 0.55 0.30824999999999997 tmp/399/ 
./TMbstep2d 0.48888888888888893 0.11000000000000001 0.10275 tmp/400/ 
./TMbstep2d 0.48888888888888893 0.11000000000000001 0.12558333333333332 tmp/401/ 
./TMbstep2d 0.48888888888888893 0.11000000000000001 0.14841666666666664 tmp/402/ 
./TMbstep2d 0.48888888888888893 0.11000000000000001 0.17124999999999999 tmp/403/ 
./TMbstep2d 0.48888888888888893 0.11000000000000001 0.19408333333333333 tmp/404/ 
./TMbstep2d 0.48888888888888893 0.11000000000000001 0.21691666666666665 tmp/405/ 
./TMbstep2d 0.48888888888888893 0.11000000000000001 0.23974999999999996 tmp/406/ 
./TMbstep2d 0.48888888888888893 0.11000000000000001 0.26258333333333334 tmp/407/ 
./TMbstep2d 0.48888888888888893 0.11000000000000001 0.28541666666666665 tmp/408/ 
./TMbstep2d 0.48888888888888893 0.11000000000000001 0.30824999999999997 tmp/409/ 
./TMbstep2d 0.48888888888888893 0.1588888888888889 0.10275 tmp/410/ 
./TMbstep2d 0.48888888888888893 0.1588888888888889 0.12558333333333332 tmp/411/ 
./TMbstep2d 0.48888888888888893 0.1588888888888889 0.14841666666666664 tmp/412/ 
./TMbstep2d 0.48888888888888893 0.1588888888888889 0.17124999999999999 tmp/413/ 
./TMbstep2d 0.48888888888888893 0.1588888888888889 0.19408333333333333 tmp/414/ 
./TMbstep2d 0.48888888888888893 0.1588888888888889 0.21691666666666665 tmp/415/ 
./TMbstep2d 0.48888888888888893 0.1588888888888889 0.23974999999999996 tmp/416/ 
./TMbstep2d 0.48888888888888893 0.1588888888888889 0.26258333333333334 tmp/417/ 
./TMbstep2d 0.48888888888888893 0.1588888888888889 0.28541666666666665 tmp/418/ 
./TMbstep2d 0.48888888888888893 0.1588888888888889 0.30824999999999997 tmp/419/ 
./TMbstep2d 0.48888888888888893 0.2077777777777778 0.10275 tmp/420/ 
./TMbstep2d 0.48888888888888893 0.2077777777777778 0.12558333333333332 tmp/421/ 
./TMbstep2d 0.48888888888888893 0.2077777777777778 0.14841666666666664 tmp/422/ 
./TMbstep2d 0.48888888888888893 0.2077777777777778 0.17124999999999999 tmp/423/ 
./TMbstep2d 0.48888888888888893 0.2077777777777778 0.19408333333333333 tmp/424/ 
./TMbstep2d 0.48888888888888893 0.2077777777777778 0.21691666666666665 tmp/425/ 
./TMbstep2d 0.48888888888888893 0.2077777777777778 0.23974999999999996 tmp/426/ 
./TMbstep2d 0.48888888888888893 0.2077777777777778 0.26258333333333334 tmp/427/ 
./TMbstep2d 0.48888888888888893 0.2077777777777778 0.28541666666666665 tmp/428/ 
./TMbstep2d 0.48888888888888893 0.2077777777777778 0.30824999999999997 tmp/429/ 
./TMbstep2d 0.48888888888888893 0.2566666666666667 0.10275 tmp/430/ 
./TMbstep2d 0.48888888888888893 0.2566666666666667 0.12558333333333332 tmp/431/ 
./TMbstep2d 0.48888888888888893 0.2566666666666667 0.14841666666666664 tmp/432/ 
./TMbstep2d 0.48888888888888893 0.2566666666666667 0.17124999999999999 tmp/433/ 
./TMbstep2d 0.48888888888888893 0.2566666666666667 0.19408333333333333 tmp/434/ 
./TMbstep2d 0.48888888888888893 0.2566666666666667 0.21691666666666665 tmp/435/ 
./TMbstep2d 0.48888888888888893 0.2566666666666667 0.23974999999999996 tmp/436/ 
./TMbstep2d 0.48888888888888893 0.2566666666666667 0.26258333333333334 tmp/437/ 
./TMbstep2d 0.48888888888888893 0.2566666666666667 0.28541666666666665 tmp/438/ 
./TMbstep2d 0.48888888888888893 0.2566666666666667 0.30824999999999997 tmp/439/ 
./TMbstep2d 0.48888888888888893 0.3055555555555556 0.10275 tmp/440/ 
./TMbstep2d 0.48888888888888893 0.3055555555555556 0.12558333333333332 tmp/441/ 
./TMbstep2d 0.48888888888888893 0.3055555555555556 0.14841666666666664 tmp/442/ 
./TMbstep2d 0.48888888888888893 0.3055555555555556 0.17124999999999999 tmp/443/ 
./TMbstep2d 0.48888888888888893 0.3055555555555556 0.19408333333333333 tmp/444/ 
./TMbstep2d 0.48888888888888893 0.3055555555555556 0.21691666666666665 tmp/445/ 
./TMbstep2d 0.48888888888888893 0.3055555555555556 0.23974999999999996 tmp/446/ 
./TMbstep2d 0.48888888888888893 0.3055555555555556 0.26258333333333334 tmp/447/ 
./TMbstep2d 0.48888888888888893 0.3055555555555556 0.28541666666666665 tmp/448/ 
./TMbstep2d 0.48888888888888893 0.3055555555555556 0.30824999999999997 tmp/449/ 
./TMbstep2d 0.48888888888888893 0.3544444444444445 0.10275 tmp/450/ 
./TMbstep2d 0.48888888888888893 0.3544444444444445 0.12558333333333332 tmp/451/ 
./TMbstep2d 0.48888888888888893 0.3544444444444445 0.14841666666666664 tmp/452/ 
./TMbstep2d 0.48888888888888893 0.3544444444444445 0.17124999999999999 tmp/453/ 
./TMbstep2d 0.48888888888888893 0.3544444444444445 0.19408333333333333 tmp/454/ 
./TMbstep2d 0.48888888888888893 0.3544444444444445 0.21691666666666665 tmp/455/ 
./TMbstep2d 0.48888888888888893 0.3544444444444445 0.23974999999999996 tmp/456/ 
./TMbstep2d 0.48888888888888893 0.3544444444444445 0.26258333333333334 tmp/457/ 
./TMbstep2d 0.48888888888888893 0.3544444444444445 0.28541666666666665 tmp/458/ 
./TMbstep2d 0.48888888888888893 0.3544444444444445 0.30824999999999997 tmp/459/ 
./TMbstep2d 0.48888888888888893 0.40333333333333343 0.10275 tmp/460/ 
./TMbstep2d 0.48888888888888893 0.40333333333333343 0.12558333333333332 tmp/461/ 
./TMbstep2d 0.48888888888888893 0.40333333333333343 0.14841666666666664 tmp/462/ 
./TMbstep2d 0.48888888888888893 0.40333333333333343 0.17124999999999999 tmp/463/ 
./TMbstep2d 0.48888888888888893 0.40333333333333343 0.19408333333333333 tmp/464/ 
./TMbstep2d 0.48888888888888893 0.40333333333333343 0.21691666666666665 tmp/465/ 
./TMbstep2d 0.48888888888888893 0.40333333333333343 0.23974999999999996 tmp/466/ 
./TMbstep2d 0.48888888888888893 0.40333333333333343 0.26258333333333334 tmp/467/ 
./TMbstep2d 0.48888888888888893 0.40333333333333343 0.28541666666666665 tmp/468/ 
./TMbstep2d 0.48888888888888893 0.40333333333333343 0.30824999999999997 tmp/469/ 
./TMbstep2d 0.48888888888888893 0.4522222222222223 0.10275 tmp/470/ 
./TMbstep2d 0.48888888888888893 0.4522222222222223 0.12558333333333332 tmp/471/ 
./TMbstep2d 0.48888888888888893 0.4522222222222223 0.14841666666666664 tmp/472/ 
./TMbstep2d 0.48888888888888893 0.4522222222222223 0.17124999999999999 tmp/473/ 
./TMbstep2d 0.48888888888888893 0.4522222222222223 0.19408333333333333 tmp/474/ 
./TMbstep2d 0.48888888888888893 0.4522222222222223 0.21691666666666665 tmp/475/ 
./TMbstep2d 0.48888888888888893 0.4522222222222223 0.23974999999999996 tmp/476/ 
./TMbstep2d 0.48888888888888893 0.4522222222222223 0.26258333333333334 tmp/477/ 
./TMbstep2d 0.48888888888888893 0.4522222222222223 0.28541666666666665 tmp/478/ 
./TMbstep2d 0.48888888888888893 0.4522222222222223 0.30824999999999997 tmp/479/ 
./TMbstep2d 0.48888888888888893 0.5011111111111112 0.10275 tmp/480/ 
./TMbstep2d 0.48888888888888893 0.5011111111111112 0.12558333333333332 tmp/481/ 
./TMbstep2d 0.48888888888888893 0.5011111111111112 0.14841666666666664 tmp/482/ 
./TMbstep2d 0.48888888888888893 0.5011111111111112 0.17124999999999999 tmp/483/ 
./TMbstep2d 0.48888888888888893 0.5011111111111112 0.19408333333333333 tmp/484/ 
./TMbstep2d 0.48888888888888893 0.5011111111111112 0.21691666666666665 tmp/485/ 
./TMbstep2d 0.48888888888888893 0.5011111111111112 0.23974999999999996 tmp/486/ 
./TMbstep2d 0.48888888888888893 0.5011111111111112 0.26258333333333334 tmp/487/ 
./TMbstep2d 0.48888888888888893 0.5011111111111112 0.28541666666666665 tmp/488/ 
./TMbstep2d 0.48888888888888893 0.5011111111111112 0.30824999999999997 tmp/489/ 
./TMbstep2d 0.48888888888888893 0.55 0.10275 tmp/490/ 
./TMbstep2d 0.48888888888888893 0.55 0.12558333333333332 tmp/491/ 
./TMbstep2d 0.48888888888888893 0.55 0.14841666666666664 tmp/492/ 
./TMbstep2d 0.48888888888888893 0.55 0.17124999999999999 tmp/493/ 
./TMbstep2d 0.48888888888888893 0.55 0.19408333333333333 tmp/494/ 
./TMbstep2d 0.48888888888888893 0.55 0.21691666666666665 tmp/495/ 
./TMbstep2d 0.48888888888888893 0.55 0.23974999999999996 tmp/496/ 
./TMbstep2d 0.48888888888888893 0.55 0.26258333333333334 tmp/497/ 
./TMbstep2d 0.48888888888888893 0.55 0.28541666666666665 tmp/498/ 
./TMbstep2d 0.48888888888888893 0.55 0.30824999999999997 tmp/499/ 
./TMbstep2d 0.6111111111111112 0.11000000000000001 0.10275 tmp/500/ 
./TMbstep2d 0.6111111111111112 0.11000000000000001 0.12558333333333332 tmp/501/ 
./TMbstep2d 0.6111111111111112 0.11000000000000001 0.14841666666666664 tmp/502/ 
./TMbstep2d 0.6111111111111112 0.11000000000000001 0.17124999999999999 tmp/503/ 
./TMbstep2d 0.6111111111111112 0.11000000000000001 0.19408333333333333 tmp/504/ 
./TMbstep2d 0.6111111111111112 0.11000000000000001 0.21691666666666665 tmp/505/ 
./TMbstep2d 0.6111111111111112 0.11000000000000001 0.23974999999999996 tmp/506/ 
./TMbstep2d 0.6111111111111112 0.11000000000000001 0.26258333333333334 tmp/507/ 
./TMbstep2d 0.6111111111111112 0.11000000000000001 0.28541666666666665 tmp/508/ 
./TMbstep2d 0.6111111111111112 0.11000000000000001 0.30824999999999997 tmp/509/ 
./TMbstep2d 0.6111111111111112 0.1588888888888889 0.10275 tmp/510/ 
./TMbstep2d 0.6111111111111112 0.1588888888888889 0.12558333333333332 tmp/511/ 
./TMbstep2d 0.6111111111111112 0.1588888888888889 0.14841666666666664 tmp/512/ 
./TMbstep2d 0.6111111111111112 0.1588888888888889 0.17124999999999999 tmp/513/ 
./TMbstep2d 0.6111111111111112 0.1588888888888889 0.19408333333333333 tmp/514/ 
./TMbstep2d 0.6111111111111112 0.1588888888888889 0.21691666666666665 tmp/515/ 
./TMbstep2d 0.6111111111111112 0.1588888888888889 0.23974999999999996 tmp/516/ 
./TMbstep2d 0.6111111111111112 0.1588888888888889 0.26258333333333334 tmp/517/ 
./TMbstep2d 0.6111111111111112 0.1588888888888889 0.28541666666666665 tmp/518/ 
./TMbstep2d 0.6111111111111112 0.1588888888888889 0.30824999999999997 tmp/519/ 
./TMbstep2d 0.6111111111111112 0.2077777777777778 0.10275 tmp/520/ 
./TMbstep2d 0.6111111111111112 0.2077777777777778 0.12558333333333332 tmp/521/ 
./TMbstep2d 0.6111111111111112 0.2077777777777778 0.14841666666666664 tmp/522/ 
./TMbstep2d 0.6111111111111112 0.2077777777777778 0.17124999999999999 tmp/523/ 
./TMbstep2d 0.6111111111111112 0.2077777777777778 0.19408333333333333 tmp/524/ 
./TMbstep2d 0.6111111111111112 0.2077777777777778 0.21691666666666665 tmp/525/ 
./TMbstep2d 0.6111111111111112 0.2077777777777778 0.23974999999999996 tmp/526/ 
./TMbstep2d 0.6111111111111112 0.2077777777777778 0.26258333333333334 tmp/527/ 
./TMbstep2d 0.6111111111111112 0.2077777777777778 0.28541666666666665 tmp/528/ 
./TMbstep2d 0.6111111111111112 0.2077777777777778 0.30824999999999997 tmp/529/ 
./TMbstep2d 0.6111111111111112 0.2566666666666667 0.10275 tmp/530/ 
./TMbstep2d 0.6111111111111112 0.2566666666666667 0.12558333333333332 tmp/531/ 
./TMbstep2d 0.6111111111111112 0.2566666666666667 0.14841666666666664 tmp/532/ 
./TMbstep2d 0.6111111111111112 0.2566666666666667 0.17124999999999999 tmp/533/ 
./TMbstep2d 0.6111111111111112 0.2566666666666667 0.19408333333333333 tmp/534/ 
./TMbstep2d 0.6111111111111112 0.2566666666666667 0.21691666666666665 tmp/535/ 
./TMbstep2d 0.6111111111111112 0.2566666666666667 0.23974999999999996 tmp/536/ 
./TMbstep2d 0.6111111111111112 0.2566666666666667 0.26258333333333334 tmp/537/ 
./TMbstep2d 0.6111111111111112 0.2566666666666667 0.28541666666666665 tmp/538/ 
./TMbstep2d 0.6111111111111112 0.2566666666666667 0.30824999999999997 tmp/539/ 
./TMbstep2d 0.6111111111111112 0.3055555555555556 0.10275 tmp/540/ 
./TMbstep2d 0.6111111111111112 0.3055555555555556 0.12558333333333332 tmp/541/ 
./TMbstep2d 0.6111111111111112 0.3055555555555556 0.14841666666666664 tmp/542/ 
./TMbstep2d 0.6111111111111112 0.3055555555555556 0.17124999999999999 tmp/543/ 
./TMbstep2d 0.6111111111111112 0.3055555555555556 0.19408333333333333 tmp/544/ 
./TMbstep2d 0.6111111111111112 0.3055555555555556 0.21691666666666665 tmp/545/ 
./TMbstep2d 0.6111111111111112 0.3055555555555556 0.23974999999999996 tmp/546/ 
./TMbstep2d 0.6111111111111112 0.3055555555555556 0.26258333333333334 tmp/547/ 
./TMbstep2d 0.6111111111111112 0.3055555555555556 0.28541666666666665 tmp/548/ 
./TMbstep2d 0.6111111111111112 0.3055555555555556 0.30824999999999997 tmp/549/ 
./TMbstep2d 0.6111111111111112 0.3544444444444445 0.10275 tmp/550/ 
./TMbstep2d 0.6111111111111112 0.3544444444444445 0.12558333333333332 tmp/551/ 
./TMbstep2d 0.6111111111111112 0.3544444444444445 0.14841666666666664 tmp/552/ 
./TMbstep2d 0.6111111111111112 0.3544444444444445 0.17124999999999999 tmp/553/ 
./TMbstep2d 0.6111111111111112 0.3544444444444445 0.19408333333333333 tmp/554/ 
./TMbstep2d 0.6111111111111112 0.3544444444444445 0.21691666666666665 tmp/555/ 
./TMbstep2d 0.6111111111111112 0.3544444444444445 0.23974999999999996 tmp/556/ 
./TMbstep2d 0.6111111111111112 0.3544444444444445 0.26258333333333334 tmp/557/ 
./TMbstep2d 0.6111111111111112 0.3544444444444445 0.28541666666666665 tmp/558/ 
./TMbstep2d 0.6111111111111112 0.3544444444444445 0.30824999999999997 tmp/559/ 
./TMbstep2d 0.6111111111111112 0.40333333333333343 0.10275 tmp/560/ 
./TMbstep2d 0.6111111111111112 0.40333333333333343 0.12558333333333332 tmp/561/ 
./TMbstep2d 0.6111111111111112 0.40333333333333343 0.14841666666666664 tmp/562/ 
./TMbstep2d 0.6111111111111112 0.40333333333333343 0.17124999999999999 tmp/563/ 
./TMbstep2d 0.6111111111111112 0.40333333333333343 0.19408333333333333 tmp/564/ 
./TMbstep2d 0.6111111111111112 0.40333333333333343 0.21691666666666665 tmp/565/ 
./TMbstep2d 0.6111111111111112 0.40333333333333343 0.23974999999999996 tmp/566/ 
./TMbstep2d 0.6111111111111112 0.40333333333333343 0.26258333333333334 tmp/567/ 
./TMbstep2d 0.6111111111111112 0.40333333333333343 0.28541666666666665 tmp/568/ 
./TMbstep2d 0.6111111111111112 0.40333333333333343 0.30824999999999997 tmp/569/ 
./TMbstep2d 0.6111111111111112 0.4522222222222223 0.10275 tmp/570/ 
./TMbstep2d 0.6111111111111112 0.4522222222222223 0.12558333333333332 tmp/571/ 
./TMbstep2d 0.6111111111111112 0.4522222222222223 0.14841666666666664 tmp/572/ 
./TMbstep2d 0.6111111111111112 0.4522222222222223 0.17124999999999999 tmp/573/ 
./TMbstep2d 0.6111111111111112 0.4522222222222223 0.19408333333333333 tmp/574/ 
./TMbstep2d 0.6111111111111112 0.4522222222222223 0.21691666666666665 tmp/575/ 
./TMbstep2d 0.6111111111111112 0.4522222222222223 0.23974999999999996 tmp/576/ 
./TMbstep2d 0.6111111111111112 0.4522222222222223 0.26258333333333334 tmp/577/ 
./TMbstep2d 0.6111111111111112 0.4522222222222223 0.28541666666666665 tmp/578/ 
./TMbstep2d 0.6111111111111112 0.4522222222222223 0.30824999999999997 tmp/579/ 
./TMbstep2d 0.6111111111111112 0.5011111111111112 0.10275 tmp/580/ 
./TMbstep2d 0.6111111111111112 0.5011111111111112 0.12558333333333332 tmp/581/ 
./TMbstep2d 0.6111111111111112 0.5011111111111112 0.14841666666666664 tmp/582/ 
./TMbstep2d 0.6111111111111112 0.5011111111111112 0.17124999999999999 tmp/583/ 
./TMbstep2d 0.6111111111111112 0.5011111111111112 0.19408333333333333 tmp/584/ 
./TMbstep2d 0.6111111111111112 0.5011111111111112 0.21691666666666665 tmp/585/ 
./TMbstep2d 0.6111111111111112 0.5011111111111112 0.23974999999999996 tmp/586/ 
./TMbstep2d 0.6111111111111112 0.5011111111111112 0.26258333333333334 tmp/587/ 
./TMbstep2d 0.6111111111111112 0.5011111111111112 0.28541666666666665 tmp/588/ 
./TMbstep2d 0.6111111111111112 0.5011111111111112 0.30824999999999997 tmp/589/ 
./TMbstep2d 0.6111111111111112 0.55 0.10275 tmp/590/ 
./TMbstep2d 0.6111111111111112 0.55 0.12558333333333332 tmp/591/ 
./TMbstep2d 0.6111111111111112 0.55 0.14841666666666664 tmp/592/ 
./TMbstep2d 0.6111111111111112 0.55 0.17124999999999999 tmp/593/ 
./TMbstep2d 0.6111111111111112 0.55 0.19408333333333333 tmp/594/ 
./TMbstep2d 0.6111111111111112 0.55 0.21691666666666665 tmp/595/ 
./TMbstep2d 0.6111111111111112 0.55 0.23974999999999996 tmp/596/ 
./TMbstep2d 0.6111111111111112 0.55 0.26258333333333334 tmp/597/ 
./TMbstep2d 0.6111111111111112 0.55 0.28541666666666665 tmp/598/ 
./TMbstep2d 0.6111111111111112 0.55 0.30824999999999997 tmp/599/ 
./TMbstep2d 0.7333333333333334 0.11000000000000001 0.10275 tmp/600/ 
./TMbstep2d 0.7333333333333334 0.11000000000000001 0.12558333333333332 tmp/601/ 
./TMbstep2d 0.7333333333333334 0.11000000000000001 0.14841666666666664 tmp/602/ 
./TMbstep2d 0.7333333333333334 0.11000000000000001 0.17124999999999999 tmp/603/ 
./TMbstep2d 0.7333333333333334 0.11000000000000001 0.19408333333333333 tmp/604/ 
./TMbstep2d 0.7333333333333334 0.11000000000000001 0.21691666666666665 tmp/605/ 
./TMbstep2d 0.7333333333333334 0.11000000000000001 0.23974999999999996 tmp/606/ 
./TMbstep2d 0.7333333333333334 0.11000000000000001 0.26258333333333334 tmp/607/ 
./TMbstep2d 0.7333333333333334 0.11000000000000001 0.28541666666666665 tmp/608/ 
./TMbstep2d 0.7333333333333334 0.11000000000000001 0.30824999999999997 tmp/609/ 
./TMbstep2d 0.7333333333333334 0.1588888888888889 0.10275 tmp/610/ 
./TMbstep2d 0.7333333333333334 0.1588888888888889 0.12558333333333332 tmp/611/ 
./TMbstep2d 0.7333333333333334 0.1588888888888889 0.14841666666666664 tmp/612/ 
./TMbstep2d 0.7333333333333334 0.1588888888888889 0.17124999999999999 tmp/613/ 
./TMbstep2d 0.7333333333333334 0.1588888888888889 0.19408333333333333 tmp/614/ 
./TMbstep2d 0.7333333333333334 0.1588888888888889 0.21691666666666665 tmp/615/ 
./TMbstep2d 0.7333333333333334 0.1588888888888889 0.23974999999999996 tmp/616/ 
./TMbstep2d 0.7333333333333334 0.1588888888888889 0.26258333333333334 tmp/617/ 
./TMbstep2d 0.7333333333333334 0.1588888888888889 0.28541666666666665 tmp/618/ 
./TMbstep2d 0.7333333333333334 0.1588888888888889 0.30824999999999997 tmp/619/ 
./TMbstep2d 0.7333333333333334 0.2077777777777778 0.10275 tmp/620/ 
./TMbstep2d 0.7333333333333334 0.2077777777777778 0.12558333333333332 tmp/621/ 
./TMbstep2d 0.7333333333333334 0.2077777777777778 0.14841666666666664 tmp/622/ 
./TMbstep2d 0.7333333333333334 0.2077777777777778 0.17124999999999999 tmp/623/ 
./TMbstep2d 0.7333333333333334 0.2077777777777778 0.19408333333333333 tmp/624/ 
./TMbstep2d 0.7333333333333334 0.2077777777777778 0.21691666666666665 tmp/625/ 
./TMbstep2d 0.7333333333333334 0.2077777777777778 0.23974999999999996 tmp/626/ 
./TMbstep2d 0.7333333333333334 0.2077777777777778 0.26258333333333334 tmp/627/ 
./TMbstep2d 0.7333333333333334 0.2077777777777778 0.28541666666666665 tmp/628/ 
./TMbstep2d 0.7333333333333334 0.2077777777777778 0.30824999999999997 tmp/629/ 
./TMbstep2d 0.7333333333333334 0.2566666666666667 0.10275 tmp/630/ 
./TMbstep2d 0.7333333333333334 0.2566666666666667 0.12558333333333332 tmp/631/ 
./TMbstep2d 0.7333333333333334 0.2566666666666667 0.14841666666666664 tmp/632/ 
./TMbstep2d 0.7333333333333334 0.2566666666666667 0.17124999999999999 tmp/633/ 
./TMbstep2d 0.7333333333333334 0.2566666666666667 0.19408333333333333 tmp/634/ 
./TMbstep2d 0.7333333333333334 0.2566666666666667 0.21691666666666665 tmp/635/ 
./TMbstep2d 0.7333333333333334 0.2566666666666667 0.23974999999999996 tmp/636/ 
./TMbstep2d 0.7333333333333334 0.2566666666666667 0.26258333333333334 tmp/637/ 
./TMbstep2d 0.7333333333333334 0.2566666666666667 0.28541666666666665 tmp/638/ 
./TMbstep2d 0.7333333333333334 0.2566666666666667 0.30824999999999997 tmp/639/ 
./TMbstep2d 0.7333333333333334 0.3055555555555556 0.10275 tmp/640/ 
./TMbstep2d 0.7333333333333334 0.3055555555555556 0.12558333333333332 tmp/641/ 
./TMbstep2d 0.7333333333333334 0.3055555555555556 0.14841666666666664 tmp/642/ 
./TMbstep2d 0.7333333333333334 0.3055555555555556 0.17124999999999999 tmp/643/ 
./TMbstep2d 0.7333333333333334 0.3055555555555556 0.19408333333333333 tmp/644/ 
./TMbstep2d 0.7333333333333334 0.3055555555555556 0.21691666666666665 tmp/645/ 
./TMbstep2d 0.7333333333333334 0.3055555555555556 0.23974999999999996 tmp/646/ 
./TMbstep2d 0.7333333333333334 0.3055555555555556 0.26258333333333334 tmp/647/ 
./TMbstep2d 0.7333333333333334 0.3055555555555556 0.28541666666666665 tmp/648/ 
./TMbstep2d 0.7333333333333334 0.3055555555555556 0.30824999999999997 tmp/649/ 
./TMbstep2d 0.7333333333333334 0.3544444444444445 0.10275 tmp/650/ 
./TMbstep2d 0.7333333333333334 0.3544444444444445 0.12558333333333332 tmp/651/ 
./TMbstep2d 0.7333333333333334 0.3544444444444445 0.14841666666666664 tmp/652/ 
./TMbstep2d 0.7333333333333334 0.3544444444444445 0.17124999999999999 tmp/653/ 
./TMbstep2d 0.7333333333333334 0.3544444444444445 0.19408333333333333 tmp/654/ 
./TMbstep2d 0.7333333333333334 0.3544444444444445 0.21691666666666665 tmp/655/ 
./TMbstep2d 0.7333333333333334 0.3544444444444445 0.23974999999999996 tmp/656/ 
./TMbstep2d 0.7333333333333334 0.3544444444444445 0.26258333333333334 tmp/657/ 
./TMbstep2d 0.7333333333333334 0.3544444444444445 0.28541666666666665 tmp/658/ 
./TMbstep2d 0.7333333333333334 0.3544444444444445 0.30824999999999997 tmp/659/ 
./TMbstep2d 0.7333333333333334 0.40333333333333343 0.10275 tmp/660/ 
./TMbstep2d 0.7333333333333334 0.40333333333333343 0.12558333333333332 tmp/661/ 
./TMbstep2d 0.7333333333333334 0.40333333333333343 0.14841666666666664 tmp/662/ 
./TMbstep2d 0.7333333333333334 0.40333333333333343 0.17124999999999999 tmp/663/ 
./TMbstep2d 0.7333333333333334 0.40333333333333343 0.19408333333333333 tmp/664/ 
./TMbstep2d 0.7333333333333334 0.40333333333333343 0.21691666666666665 tmp/665/ 
./TMbstep2d 0.7333333333333334 0.40333333333333343 0.23974999999999996 tmp/666/ 
./TMbstep2d 0.7333333333333334 0.40333333333333343 0.26258333333333334 tmp/667/ 
./TMbstep2d 0.7333333333333334 0.40333333333333343 0.28541666666666665 tmp/668/ 
./TMbstep2d 0.7333333333333334 0.40333333333333343 0.30824999999999997 tmp/669/ 
./TMbstep2d 0.7333333333333334 0.4522222222222223 0.10275 tmp/670/ 
./TMbstep2d 0.7333333333333334 0.4522222222222223 0.12558333333333332 tmp/671/ 
./TMbstep2d 0.7333333333333334 0.4522222222222223 0.14841666666666664 tmp/672/ 
./TMbstep2d 0.7333333333333334 0.4522222222222223 0.17124999999999999 tmp/673/ 
./TMbstep2d 0.7333333333333334 0.4522222222222223 0.19408333333333333 tmp/674/ 
./TMbstep2d 0.7333333333333334 0.4522222222222223 0.21691666666666665 tmp/675/ 
./TMbstep2d 0.7333333333333334 0.4522222222222223 0.23974999999999996 tmp/676/ 
./TMbstep2d 0.7333333333333334 0.4522222222222223 0.26258333333333334 tmp/677/ 
./TMbstep2d 0.7333333333333334 0.4522222222222223 0.28541666666666665 tmp/678/ 
./TMbstep2d 0.7333333333333334 0.4522222222222223 0.30824999999999997 tmp/679/ 
./TMbstep2d 0.7333333333333334 0.5011111111111112 0.10275 tmp/680/ 
./TMbstep2d 0.7333333333333334 0.5011111111111112 0.12558333333333332 tmp/681/ 
./TMbstep2d 0.7333333333333334 0.5011111111111112 0.14841666666666664 tmp/682/ 
./TMbstep2d 0.7333333333333334 0.5011111111111112 0.17124999999999999 tmp/683/ 
./TMbstep2d 0.7333333333333334 0.5011111111111112 0.19408333333333333 tmp/684/ 
./TMbstep2d 0.7333333333333334 0.5011111111111112 0.21691666666666665 tmp/685/ 
./TMbstep2d 0.7333333333333334 0.5011111111111112 0.23974999999999996 tmp/686/ 
./TMbstep2d 0.7333333333333334 0.5011111111111112 0.26258333333333334 tmp/687/ 
./TMbstep2d 0.7333333333333334 0.5011111111111112 0.28541666666666665 tmp/688/ 
./TMbstep2d 0.7333333333333334 0.5011111111111112 0.30824999999999997 tmp/689/ 
./TMbstep2d 0.7333333333333334 0.55 0.10275 tmp/690/ 
./TMbstep2d 0.7333333333333334 0.55 0.12558333333333332 tmp/691/ 
./TMbstep2d 0.7333333333333334 0.55 0.14841666666666664 tmp/692/ 
./TMbstep2d 0.7333333333333334 0.55 0.17124999999999999 tmp/693/ 
./TMbstep2d 0.7333333333333334 0.55 0.19408333333333333 tmp/694/ 
./TMbstep2d 0.7333333333333334 0.55 0.21691666666666665 tmp/695/ 
./TMbstep2d 0.7333333333333334 0.55 0.23974999999999996 tmp/696/ 
./TMbstep2d 0.7333333333333334 0.55 0.26258333333333334 tmp/697/ 
./TMbstep2d 0.7333333333333334 0.55 0.28541666666666665 tmp/698/ 
./TMbstep2d 0.7333333333333334 0.55 0.30824999999999997 tmp/699/ 
./TMbstep2d 0.8555555555555556 0.11000000000000001 0.10275 tmp/700/ 
./TMbstep2d 0.8555555555555556 0.11000000000000001 0.12558333333333332 tmp/701/ 
./TMbstep2d 0.8555555555555556 0.11000000000000001 0.14841666666666664 tmp/702/ 
./TMbstep2d 0.8555555555555556 0.11000000000000001 0.17124999999999999 tmp/703/ 
./TMbstep2d 0.8555555555555556 0.11000000000000001 0.19408333333333333 tmp/704/ 
./TMbstep2d 0.8555555555555556 0.11000000000000001 0.21691666666666665 tmp/705/ 
./TMbstep2d 0.8555555555555556 0.11000000000000001 0.23974999999999996 tmp/706/ 
./TMbstep2d 0.8555555555555556 0.11000000000000001 0.26258333333333334 tmp/707/ 
./TMbstep2d 0.8555555555555556 0.11000000000000001 0.28541666666666665 tmp/708/ 
./TMbstep2d 0.8555555555555556 0.11000000000000001 0.30824999999999997 tmp/709/ 
./TMbstep2d 0.8555555555555556 0.1588888888888889 0.10275 tmp/710/ 
./TMbstep2d 0.8555555555555556 0.1588888888888889 0.12558333333333332 tmp/711/ 
./TMbstep2d 0.8555555555555556 0.1588888888888889 0.14841666666666664 tmp/712/ 
./TMbstep2d 0.8555555555555556 0.1588888888888889 0.17124999999999999 tmp/713/ 
./TMbstep2d 0.8555555555555556 0.1588888888888889 0.19408333333333333 tmp/714/ 
./TMbstep2d 0.8555555555555556 0.1588888888888889 0.21691666666666665 tmp/715/ 
./TMbstep2d 0.8555555555555556 0.1588888888888889 0.23974999999999996 tmp/716/ 
./TMbstep2d 0.8555555555555556 0.1588888888888889 0.26258333333333334 tmp/717/ 
./TMbstep2d 0.8555555555555556 0.1588888888888889 0.28541666666666665 tmp/718/ 
./TMbstep2d 0.8555555555555556 0.1588888888888889 0.30824999999999997 tmp/719/ 
./TMbstep2d 0.8555555555555556 0.2077777777777778 0.10275 tmp/720/ 
./TMbstep2d 0.8555555555555556 0.2077777777777778 0.12558333333333332 tmp/721/ 
./TMbstep2d 0.8555555555555556 0.2077777777777778 0.14841666666666664 tmp/722/ 
./TMbstep2d 0.8555555555555556 0.2077777777777778 0.17124999999999999 tmp/723/ 
./TMbstep2d 0.8555555555555556 0.2077777777777778 0.19408333333333333 tmp/724/ 
./TMbstep2d 0.8555555555555556 0.2077777777777778 0.21691666666666665 tmp/725/ 
./TMbstep2d 0.8555555555555556 0.2077777777777778 0.23974999999999996 tmp/726/ 
./TMbstep2d 0.8555555555555556 0.2077777777777778 0.26258333333333334 tmp/727/ 
./TMbstep2d 0.8555555555555556 0.2077777777777778 0.28541666666666665 tmp/728/ 
./TMbstep2d 0.8555555555555556 0.2077777777777778 0.30824999999999997 tmp/729/ 
./TMbstep2d 0.8555555555555556 0.2566666666666667 0.10275 tmp/730/ 
./TMbstep2d 0.8555555555555556 0.2566666666666667 0.12558333333333332 tmp/731/ 
./TMbstep2d 0.8555555555555556 0.2566666666666667 0.14841666666666664 tmp/732/ 
./TMbstep2d 0.8555555555555556 0.2566666666666667 0.17124999999999999 tmp/733/ 
./TMbstep2d 0.8555555555555556 0.2566666666666667 0.19408333333333333 tmp/734/ 
./TMbstep2d 0.8555555555555556 0.2566666666666667 0.21691666666666665 tmp/735/ 
./TMbstep2d 0.8555555555555556 0.2566666666666667 0.23974999999999996 tmp/736/ 
./TMbstep2d 0.8555555555555556 0.2566666666666667 0.26258333333333334 tmp/737/ 
./TMbstep2d 0.8555555555555556 0.2566666666666667 0.28541666666666665 tmp/738/ 
./TMbstep2d 0.8555555555555556 0.2566666666666667 0.30824999999999997 tmp/739/ 
./TMbstep2d 0.8555555555555556 0.3055555555555556 0.10275 tmp/740/ 
./TMbstep2d 0.8555555555555556 0.3055555555555556 0.12558333333333332 tmp/741/ 
./TMbstep2d 0.8555555555555556 0.3055555555555556 0.14841666666666664 tmp/742/ 
./TMbstep2d 0.8555555555555556 0.3055555555555556 0.17124999999999999 tmp/743/ 
./TMbstep2d 0.8555555555555556 0.3055555555555556 0.19408333333333333 tmp/744/ 
./TMbstep2d 0.8555555555555556 0.3055555555555556 0.21691666666666665 tmp/745/ 
./TMbstep2d 0.8555555555555556 0.3055555555555556 0.23974999999999996 tmp/746/ 
./TMbstep2d 0.8555555555555556 0.3055555555555556 0.26258333333333334 tmp/747/ 
./TMbstep2d 0.8555555555555556 0.3055555555555556 0.28541666666666665 tmp/748/ 
./TMbstep2d 0.8555555555555556 0.3055555555555556 0.30824999999999997 tmp/749/ 
./TMbstep2d 0.8555555555555556 0.3544444444444445 0.10275 tmp/750/ 
./TMbstep2d 0.8555555555555556 0.3544444444444445 0.12558333333333332 tmp/751/ 
./TMbstep2d 0.8555555555555556 0.3544444444444445 0.14841666666666664 tmp/752/ 
./TMbstep2d 0.8555555555555556 0.3544444444444445 0.17124999999999999 tmp/753/ 
./TMbstep2d 0.8555555555555556 0.3544444444444445 0.19408333333333333 tmp/754/ 
./TMbstep2d 0.8555555555555556 0.3544444444444445 0.21691666666666665 tmp/755/ 
./TMbstep2d 0.8555555555555556 0.3544444444444445 0.23974999999999996 tmp/756/ 
./TMbstep2d 0.8555555555555556 0.3544444444444445 0.26258333333333334 tmp/757/ 
./TMbstep2d 0.8555555555555556 0.3544444444444445 0.28541666666666665 tmp/758/ 
./TMbstep2d 0.8555555555555556 0.3544444444444445 0.30824999999999997 tmp/759/ 
./TMbstep2d 0.8555555555555556 0.40333333333333343 0.10275 tmp/760/ 
./TMbstep2d 0.8555555555555556 0.40333333333333343 0.12558333333333332 tmp/761/ 
./TMbstep2d 0.8555555555555556 0.40333333333333343 0.14841666666666664 tmp/762/ 
./TMbstep2d 0.8555555555555556 0.40333333333333343 0.17124999999999999 tmp/763/ 
./TMbstep2d 0.8555555555555556 0.40333333333333343 0.19408333333333333 tmp/764/ 
./TMbstep2d 0.8555555555555556 0.40333333333333343 0.21691666666666665 tmp/765/ 
./TMbstep2d 0.8555555555555556 0.40333333333333343 0.23974999999999996 tmp/766/ 
./TMbstep2d 0.8555555555555556 0.40333333333333343 0.26258333333333334 tmp/767/ 
./TMbstep2d 0.8555555555555556 0.40333333333333343 0.28541666666666665 tmp/768/ 
./TMbstep2d 0.8555555555555556 0.40333333333333343 0.30824999999999997 tmp/769/ 
./TMbstep2d 0.8555555555555556 0.4522222222222223 0.10275 tmp/770/ 
./TMbstep2d 0.8555555555555556 0.4522222222222223 0.12558333333333332 tmp/771/ 
./TMbstep2d 0.8555555555555556 0.4522222222222223 0.14841666666666664 tmp/772/ 
./TMbstep2d 0.8555555555555556 0.4522222222222223 0.17124999999999999 tmp/773/ 
./TMbstep2d 0.8555555555555556 0.4522222222222223 0.19408333333333333 tmp/774/ 
./TMbstep2d 0.8555555555555556 0.4522222222222223 0.21691666666666665 tmp/775/ 
./TMbstep2d 0.8555555555555556 0.4522222222222223 0.23974999999999996 tmp/776/ 
./TMbstep2d 0.8555555555555556 0.4522222222222223 0.26258333333333334 tmp/777/ 
./TMbstep2d 0.8555555555555556 0.4522222222222223 0.28541666666666665 tmp/778/ 
./TMbstep2d 0.8555555555555556 0.4522222222222223 0.30824999999999997 tmp/779/ 
./TMbstep2d 0.8555555555555556 0.5011111111111112 0.10275 tmp/780/ 
./TMbstep2d 0.8555555555555556 0.5011111111111112 0.12558333333333332 tmp/781/ 
./TMbstep2d 0.8555555555555556 0.5011111111111112 0.14841666666666664 tmp/782/ 
./TMbstep2d 0.8555555555555556 0.5011111111111112 0.17124999999999999 tmp/783/ 
./TMbstep2d 0.8555555555555556 0.5011111111111112 0.19408333333333333 tmp/784/ 
./TMbstep2d 0.8555555555555556 0.5011111111111112 0.21691666666666665 tmp/785/ 
./TMbstep2d 0.8555555555555556 0.5011111111111112 0.23974999999999996 tmp/786/ 
./TMbstep2d 0.8555555555555556 0.5011111111111112 0.26258333333333334 tmp/787/ 
./TMbstep2d 0.8555555555555556 0.5011111111111112 0.28541666666666665 tmp/788/ 
./TMbstep2d 0.8555555555555556 0.5011111111111112 0.30824999999999997 tmp/789/ 
./TMbstep2d 0.8555555555555556 0.55 0.10275 tmp/790/ 
./TMbstep2d 0.8555555555555556 0.55 0.12558333333333332 tmp/791/ 
./TMbstep2d 0.8555555555555556 0.55 0.14841666666666664 tmp/792/ 
./TMbstep2d 0.8555555555555556 0.55 0.17124999999999999 tmp/793/ 
./TMbstep2d 0.8555555555555556 0.55 0.19408333333333333 tmp/794/ 
./TMbstep2d 0.8555555555555556 0.55 0.21691666666666665 tmp/795/ 
./TMbstep2d 0.8555555555555556 0.55 0.23974999999999996 tmp/796/ 
./TMbstep2d 0.8555555555555556 0.55 0.26258333333333334 tmp/797/ 
./TMbstep2d 0.8555555555555556 0.55 0.28541666666666665 tmp/798/ 
./TMbstep2d 0.8555555555555556 0.55 0.30824999999999997 tmp/799/ 
./TMbstep2d 0.9777777777777779 0.11000000000000001 0.10275 tmp/800/ 
./TMbstep2d 0.9777777777777779 0.11000000000000001 0.12558333333333332 tmp/801/ 
./TMbstep2d 0.9777777777777779 0.11000000000000001 0.14841666666666664 tmp/802/ 
./TMbstep2d 0.9777777777777779 0.11000000000000001 0.17124999999999999 tmp/803/ 
./TMbstep2d 0.9777777777777779 0.11000000000000001 0.19408333333333333 tmp/804/ 
./TMbstep2d 0.9777777777777779 0.11000000000000001 0.21691666666666665 tmp/805/ 
./TMbstep2d 0.9777777777777779 0.11000000000000001 0.23974999999999996 tmp/806/ 
./TMbstep2d 0.9777777777777779 0.11000000000000001 0.26258333333333334 tmp/807/ 
./TMbstep2d 0.9777777777777779 0.11000000000000001 0.28541666666666665 tmp/808/ 
./TMbstep2d 0.9777777777777779 0.11000000000000001 0.30824999999999997 tmp/809/ 
./TMbstep2d 0.9777777777777779 0.1588888888888889 0.10275 tmp/810/ 
./TMbstep2d 0.9777777777777779 0.1588888888888889 0.12558333333333332 tmp/811/ 
./TMbstep2d 0.9777777777777779 0.1588888888888889 0.14841666666666664 tmp/812/ 
./TMbstep2d 0.9777777777777779 0.1588888888888889 0.17124999999999999 tmp/813/ 
./TMbstep2d 0.9777777777777779 0.1588888888888889 0.19408333333333333 tmp/814/ 
./TMbstep2d 0.9777777777777779 0.1588888888888889 0.21691666666666665 tmp/815/ 
./TMbstep2d 0.9777777777777779 0.1588888888888889 0.23974999999999996 tmp/816/ 
./TMbstep2d 0.9777777777777779 0.1588888888888889 0.26258333333333334 tmp/817/ 
./TMbstep2d 0.9777777777777779 0.1588888888888889 0.28541666666666665 tmp/818/ 
./TMbstep2d 0.9777777777777779 0.1588888888888889 0.30824999999999997 tmp/819/ 
./TMbstep2d 0.9777777777777779 0.2077777777777778 0.10275 tmp/820/ 
./TMbstep2d 0.9777777777777779 0.2077777777777778 0.12558333333333332 tmp/821/ 
./TMbstep2d 0.9777777777777779 0.2077777777777778 0.14841666666666664 tmp/822/ 
./TMbstep2d 0.9777777777777779 0.2077777777777778 0.17124999999999999 tmp/823/ 
./TMbstep2d 0.9777777777777779 0.2077777777777778 0.19408333333333333 tmp/824/ 
./TMbstep2d 0.9777777777777779 0.2077777777777778 0.21691666666666665 tmp/825/ 
./TMbstep2d 0.9777777777777779 0.2077777777777778 0.23974999999999996 tmp/826/ 
./TMbstep2d 0.9777777777777779 0.2077777777777778 0.26258333333333334 tmp/827/ 
./TMbstep2d 0.9777777777777779 0.2077777777777778 0.28541666666666665 tmp/828/ 
./TMbstep2d 0.9777777777777779 0.2077777777777778 0.30824999999999997 tmp/829/ 
./TMbstep2d 0.9777777777777779 0.2566666666666667 0.10275 tmp/830/ 
./TMbstep2d 0.9777777777777779 0.2566666666666667 0.12558333333333332 tmp/831/ 
./TMbstep2d 0.9777777777777779 0.2566666666666667 0.14841666666666664 tmp/832/ 
./TMbstep2d 0.9777777777777779 0.2566666666666667 0.17124999999999999 tmp/833/ 
./TMbstep2d 0.9777777777777779 0.2566666666666667 0.19408333333333333 tmp/834/ 
./TMbstep2d 0.9777777777777779 0.2566666666666667 0.21691666666666665 tmp/835/ 
./TMbstep2d 0.9777777777777779 0.2566666666666667 0.23974999999999996 tmp/836/ 
./TMbstep2d 0.9777777777777779 0.2566666666666667 0.26258333333333334 tmp/837/ 
./TMbstep2d 0.9777777777777779 0.2566666666666667 0.28541666666666665 tmp/838/ 
./TMbstep2d 0.9777777777777779 0.2566666666666667 0.30824999999999997 tmp/839/ 
./TMbstep2d 0.9777777777777779 0.3055555555555556 0.10275 tmp/840/ 
./TMbstep2d 0.9777777777777779 0.3055555555555556 0.12558333333333332 tmp/841/ 
./TMbstep2d 0.9777777777777779 0.3055555555555556 0.14841666666666664 tmp/842/ 
./TMbstep2d 0.9777777777777779 0.3055555555555556 0.17124999999999999 tmp/843/ 
./TMbstep2d 0.9777777777777779 0.3055555555555556 0.19408333333333333 tmp/844/ 
./TMbstep2d 0.9777777777777779 0.3055555555555556 0.21691666666666665 tmp/845/ 
./TMbstep2d 0.9777777777777779 0.3055555555555556 0.23974999999999996 tmp/846/ 
./TMbstep2d 0.9777777777777779 0.3055555555555556 0.26258333333333334 tmp/847/ 
./TMbstep2d 0.9777777777777779 0.3055555555555556 0.28541666666666665 tmp/848/ 
./TMbstep2d 0.9777777777777779 0.3055555555555556 0.30824999999999997 tmp/849/ 
./TMbstep2d 0.9777777777777779 0.3544444444444445 0.10275 tmp/850/ 
./TMbstep2d 0.9777777777777779 0.3544444444444445 0.12558333333333332 tmp/851/ 
./TMbstep2d 0.9777777777777779 0.3544444444444445 0.14841666666666664 tmp/852/ 
./TMbstep2d 0.9777777777777779 0.3544444444444445 0.17124999999999999 tmp/853/ 
./TMbstep2d 0.9777777777777779 0.3544444444444445 0.19408333333333333 tmp/854/ 
./TMbstep2d 0.9777777777777779 0.3544444444444445 0.21691666666666665 tmp/855/ 
./TMbstep2d 0.9777777777777779 0.3544444444444445 0.23974999999999996 tmp/856/ 
./TMbstep2d 0.9777777777777779 0.3544444444444445 0.26258333333333334 tmp/857/ 
./TMbstep2d 0.9777777777777779 0.3544444444444445 0.28541666666666665 tmp/858/ 
./TMbstep2d 0.9777777777777779 0.3544444444444445 0.30824999999999997 tmp/859/ 
./TMbstep2d 0.9777777777777779 0.40333333333333343 0.10275 tmp/860/ 
./TMbstep2d 0.9777777777777779 0.40333333333333343 0.12558333333333332 tmp/861/ 
./TMbstep2d 0.9777777777777779 0.40333333333333343 0.14841666666666664 tmp/862/ 
./TMbstep2d 0.9777777777777779 0.40333333333333343 0.17124999999999999 tmp/863/ 
./TMbstep2d 0.9777777777777779 0.40333333333333343 0.19408333333333333 tmp/864/ 
./TMbstep2d 0.9777777777777779 0.40333333333333343 0.21691666666666665 tmp/865/ 
./TMbstep2d 0.9777777777777779 0.40333333333333343 0.23974999999999996 tmp/866/ 
./TMbstep2d 0.9777777777777779 0.40333333333333343 0.26258333333333334 tmp/867/ 
./TMbstep2d 0.9777777777777779 0.40333333333333343 0.28541666666666665 tmp/868/ 
./TMbstep2d 0.9777777777777779 0.40333333333333343 0.30824999999999997 tmp/869/ 
./TMbstep2d 0.9777777777777779 0.4522222222222223 0.10275 tmp/870/ 
./TMbstep2d 0.9777777777777779 0.4522222222222223 0.12558333333333332 tmp/871/ 
./TMbstep2d 0.9777777777777779 0.4522222222222223 0.14841666666666664 tmp/872/ 
./TMbstep2d 0.9777777777777779 0.4522222222222223 0.17124999999999999 tmp/873/ 
./TMbstep2d 0.9777777777777779 0.4522222222222223 0.19408333333333333 tmp/874/ 
./TMbstep2d 0.9777777777777779 0.4522222222222223 0.21691666666666665 tmp/875/ 
./TMbstep2d 0.9777777777777779 0.4522222222222223 0.23974999999999996 tmp/876/ 
./TMbstep2d 0.9777777777777779 0.4522222222222223 0.26258333333333334 tmp/877/ 
./TMbstep2d 0.9777777777777779 0.4522222222222223 0.28541666666666665 tmp/878/ 
./TMbstep2d 0.9777777777777779 0.4522222222222223 0.30824999999999997 tmp/879/ 
./TMbstep2d 0.9777777777777779 0.5011111111111112 0.10275 tmp/880/ 
./TMbstep2d 0.9777777777777779 0.5011111111111112 0.12558333333333332 tmp/881/ 
./TMbstep2d 0.9777777777777779 0.5011111111111112 0.14841666666666664 tmp/882/ 
./TMbstep2d 0.9777777777777779 0.5011111111111112 0.17124999999999999 tmp/883/ 
./TMbstep2d 0.9777777777777779 0.5011111111111112 0.19408333333333333 tmp/884/ 
./TMbstep2d 0.9777777777777779 0.5011111111111112 0.21691666666666665 tmp/885/ 
./TMbstep2d 0.9777777777777779 0.5011111111111112 0.23974999999999996 tmp/886/ 
./TMbstep2d 0.9777777777777779 0.5011111111111112 0.26258333333333334 tmp/887/ 
./TMbstep2d 0.9777777777777779 0.5011111111111112 0.28541666666666665 tmp/888/ 
./TMbstep2d 0.9777777777777779 0.5011111111111112 0.30824999999999997 tmp/889/ 
./TMbstep2d 0.9777777777777779 0.55 0.10275 tmp/890/ 
./TMbstep2d 0.9777777777777779 0.55 0.12558333333333332 tmp/891/ 
./TMbstep2d 0.9777777777777779 0.55 0.14841666666666664 tmp/892/ 
./TMbstep2d 0.9777777777777779 0.55 0.17124999999999999 tmp/893/ 
./TMbstep2d 0.9777777777777779 0.55 0.19408333333333333 tmp/894/ 
./TMbstep2d 0.9777777777777779 0.55 0.21691666666666665 tmp/895/ 
./TMbstep2d 0.9777777777777779 0.55 0.23974999999999996 tmp/896/ 
./TMbstep2d 0.9777777777777779 0.55 0.26258333333333334 tmp/897/ 
./TMbstep2d 0.9777777777777779 0.55 0.28541666666666665 tmp/898/ 
./TMbstep2d 0.9777777777777779 0.55 0.30824999999999997 tmp/899/ 
./TMbstep2d 1.1 0.11000000000000001 0.10275 tmp/900/ 
./TMbstep2d 1.1 0.11000000000000001 0.12558333333333332 tmp/901/ 
./TMbstep2d 1.1 0.11000000000000001 0.14841666666666664 tmp/902/ 
./TMbstep2d 1.1 0.11000000000000001 0.17124999999999999 tmp/903/ 
./TMbstep2d 1.1 0.11000000000000001 0.19408333333333333 tmp/904/ 
./TMbstep2d 1.1 0.11000000000000001 0.21691666666666665 tmp/905/ 
./TMbstep2d 1.1 0.11000000000000001 0.23974999999999996 tmp/906/ 
./TMbstep2d 1.1 0.11000000000000001 0.26258333333333334 tmp/907/ 
./TMbstep2d 1.1 0.11000000000000001 0.28541666666666665 tmp/908/ 
./TMbstep2d 1.1 0.11000000000000001 0.30824999999999997 tmp/909/ 
./TMbstep2d 1.1 0.1588888888888889 0.10275 tmp/910/ 
./TMbstep2d 1.1 0.1588888888888889 0.12558333333333332 tmp/911/ 
./TMbstep2d 1.1 0.1588888888888889 0.14841666666666664 tmp/912/ 
./TMbstep2d 1.1 0.1588888888888889 0.17124999999999999 tmp/913/ 
./TMbstep2d 1.1 0.1588888888888889 0.19408333333333333 tmp/914/ 
./TMbstep2d 1.1 0.1588888888888889 0.21691666666666665 tmp/915/ 
./TMbstep2d 1.1 0.1588888888888889 0.23974999999999996 tmp/916/ 
./TMbstep2d 1.1 0.1588888888888889 0.26258333333333334 tmp/917/ 
./TMbstep2d 1.1 0.1588888888888889 0.28541666666666665 tmp/918/ 
./TMbstep2d 1.1 0.1588888888888889 0.30824999999999997 tmp/919/ 
./TMbstep2d 1.1 0.2077777777777778 0.10275 tmp/920/ 
./TMbstep2d 1.1 0.2077777777777778 0.12558333333333332 tmp/921/ 
./TMbstep2d 1.1 0.2077777777777778 0.14841666666666664 tmp/922/ 
./TMbstep2d 1.1 0.2077777777777778 0.17124999999999999 tmp/923/ 
./TMbstep2d 1.1 0.2077777777777778 0.19408333333333333 tmp/924/ 
./TMbstep2d 1.1 0.2077777777777778 0.21691666666666665 tmp/925/ 
./TMbstep2d 1.1 0.2077777777777778 0.23974999999999996 tmp/926/ 
./TMbstep2d 1.1 0.2077777777777778 0.26258333333333334 tmp/927/ 
./TMbstep2d 1.1 0.2077777777777778 0.28541666666666665 tmp/928/ 
./TMbstep2d 1.1 0.2077777777777778 0.30824999999999997 tmp/929/ 
./TMbstep2d 1.1 0.2566666666666667 0.10275 tmp/930/ 
./TMbstep2d 1.1 0.2566666666666667 0.12558333333333332 tmp/931/ 
./TMbstep2d 1.1 0.2566666666666667 0.14841666666666664 tmp/932/ 
./TMbstep2d 1.1 0.2566666666666667 0.17124999999999999 tmp/933/ 
./TMbstep2d 1.1 0.2566666666666667 0.19408333333333333 tmp/934/ 
./TMbstep2d 1.1 0.2566666666666667 0.21691666666666665 tmp/935/ 
./TMbstep2d 1.1 0.2566666666666667 0.23974999999999996 tmp/936/ 
./TMbstep2d 1.1 0.2566666666666667 0.26258333333333334 tmp/937/ 
./TMbstep2d 1.1 0.2566666666666667 0.28541666666666665 tmp/938/ 
./TMbstep2d 1.1 0.2566666666666667 0.30824999999999997 tmp/939/ 
./TMbstep2d 1.1 0.3055555555555556 0.10275 tmp/940/ 
./TMbstep2d 1.1 0.3055555555555556 0.12558333333333332 tmp/941/ 
./TMbstep2d 1.1 0.3055555555555556 0.14841666666666664 tmp/942/ 
./TMbstep2d 1.1 0.3055555555555556 0.17124999999999999 tmp/943/ 
./TMbstep2d 1.1 0.3055555555555556 0.19408333333333333 tmp/944/ 
./TMbstep2d 1.1 0.3055555555555556 0.21691666666666665 tmp/945/ 
./TMbstep2d 1.1 0.3055555555555556 0.23974999999999996 tmp/946/ 
./TMbstep2d 1.1 0.3055555555555556 0.26258333333333334 tmp/947/ 
./TMbstep2d 1.1 0.3055555555555556 0.28541666666666665 tmp/948/ 
./TMbstep2d 1.1 0.3055555555555556 0.30824999999999997 tmp/949/ 
./TMbstep2d 1.1 0.3544444444444445 0.10275 tmp/950/ 
./TMbstep2d 1.1 0.3544444444444445 0.12558333333333332 tmp/951/ 
./TMbstep2d 1.1 0.3544444444444445 0.14841666666666664 tmp/952/ 
./TMbstep2d 1.1 0.3544444444444445 0.17124999999999999 tmp/953/ 
./TMbstep2d 1.1 0.3544444444444445 0.19408333333333333 tmp/954/ 
./TMbstep2d 1.1 0.3544444444444445 0.21691666666666665 tmp/955/ 
./TMbstep2d 1.1 0.3544444444444445 0.23974999999999996 tmp/956/ 
./TMbstep2d 1.1 0.3544444444444445 0.26258333333333334 tmp/957/ 
./TMbstep2d 1.1 0.3544444444444445 0.28541666666666665 tmp/958/ 
./TMbstep2d 1.1 0.3544444444444445 0.30824999999999997 tmp/959/ 
./TMbstep2d 1.1 0.40333333333333343 0.10275 tmp/960/ 
./TMbstep2d 1.1 0.40333333333333343 0.12558333333333332 tmp/961/ 
./TMbstep2d 1.1 0.40333333333333343 0.14841666666666664 tmp/962/ 
./TMbstep2d 1.1 0.40333333333333343 0.17124999999999999 tmp/963/ 
./TMbstep2d 1.1 0.40333333333333343 0.19408333333333333 tmp/964/ 
./TMbstep2d 1.1 0.40333333333333343 0.21691666666666665 tmp/965/ 
./TMbstep2d 1.1 0.40333333333333343 0.23974999999999996 tmp/966/ 
./TMbstep2d 1.1 0.40333333333333343 0.26258333333333334 tmp/967/ 
./TMbstep2d 1.1 0.40333333333333343 0.28541666666666665 tmp/968/ 
./TMbstep2d 1.1 0.40333333333333343 0.30824999999999997 tmp/969/ 
./TMbstep2d 1.1 0.4522222222222223 0.10275 tmp/970/ 
./TMbstep2d 1.1 0.4522222222222223 0.12558333333333332 tmp/971/ 
./TMbstep2d 1.1 0.4522222222222223 0.14841666666666664 tmp/972/ 
./TMbstep2d 1.1 0.4522222222222223 0.17124999999999999 tmp/973/ 
./TMbstep2d 1.1 0.4522222222222223 0.19408333333333333 tmp/974/ 
./TMbstep2d 1.1 0.4522222222222223 0.21691666666666665 tmp/975/ 
./TMbstep2d 1.1 0.4522222222222223 0.23974999999999996 tmp/976/ 
./TMbstep2d 1.1 0.4522222222222223 0.26258333333333334 tmp/977/ 
./TMbstep2d 1.1 0.4522222222222223 0.28541666666666665 tmp/978/ 
./TMbstep2d 1.1 0.4522222222222223 0.30824999999999997 tmp/979/ 
./TMbstep2d 1.1 0.5011111111111112 0.10275 tmp/980/ 
./TMbstep2d 1.1 0.5011111111111112 0.12558333333333332 tmp/981/ 
./TMbstep2d 1.1 0.5011111111111112 0.14841666666666664 tmp/982/ 
./TMbstep2d 1.1 0.5011111111111112 0.17124999999999999 tmp/983/ 
./TMbstep2d 1.1 0.5011111111111112 0.19408333333333333 tmp/984/ 
./TMbstep2d 1.1 0.5011111111111112 0.21691666666666665 tmp/985/ 
./TMbstep2d 1.1 0.5011111111111112 0.23974999999999996 tmp/986/ 
./TMbstep2d 1.1 0.5011111111111112 0.26258333333333334 tmp/987/ 
./TMbstep2d 1.1 0.5011111111111112 0.28541666666666665 tmp/988/ 
./TMbstep2d 1.1 0.5011111111111112 0.30824999999999997 tmp/989/ 
./TMbstep2d 1.1 0.55 0.10275 tmp/990/ 
./TMbstep2d 1.1 0.55 0.12558333333333332 tmp/991/ 
./TMbstep2d 1.1 0.55 0.14841666666666664 tmp/992/ 
./TMbstep2d 1.1 0.55 0.17124999999999999 tmp/993/ 
./TMbstep2d 1.1 0.55 0.19408333333333333 tmp/994/ 
./TMbstep2d 1.1 0.55 0.21691666666666665 tmp/995/ 
./TMbstep2d 1.1 0.55 0.23974999999999996 tmp/996/ 
./TMbstep2d 1.1 0.55 0.26258333333333334 tmp/997/ 
./TMbstep2d 1.1 0.55 0.28541666666666665 tmp/998/ 
./TMbstep2d 1.1 0.55 0.30824999999999997 tmp/999/ 
